[debug] [2024-01-29T01:51:41.808Z] ----------------------------------------------------------------------
[debug] [2024-01-29T01:51:41.810Z] Command:       /opt/homebrew/Cellar/node/21.6.1/bin/node /opt/homebrew/bin/firebase deploy --only functions
[debug] [2024-01-29T01:51:41.810Z] CLI Version:   13.1.0
[debug] [2024-01-29T01:51:41.810Z] Platform:      darwin
[debug] [2024-01-29T01:51:41.810Z] Node Version:  v21.6.1
[debug] [2024-01-29T01:51:41.810Z] Time:          Sun Jan 28 2024 20:51:41 GMT-0500 (Eastern Standard Time)
[debug] [2024-01-29T01:51:41.810Z] ----------------------------------------------------------------------
[debug] 
[debug] [2024-01-29T01:51:41.839Z] > command requires scopes: ["email","openid","https://www.googleapis.com/auth/cloudplatformprojects.readonly","https://www.googleapis.com/auth/firebase","https://www.googleapis.com/auth/cloud-platform"]
[debug] [2024-01-29T01:51:41.840Z] > authorizing via signed-in user (alimneedstowork@gmail.com)
[debug] [2024-01-29T01:51:41.840Z] [iam] checking project codagotchi for permissions ["cloudfunctions.functions.create","cloudfunctions.functions.delete","cloudfunctions.functions.get","cloudfunctions.functions.list","cloudfunctions.functions.update","cloudfunctions.operations.get","firebase.projects.get"]
[debug] [2024-01-29T01:51:41.840Z] >>> [apiv2][query] POST https://cloudresourcemanager.googleapis.com/v1/projects/codagotchi:testIamPermissions [none]
[debug] [2024-01-29T01:51:41.840Z] >>> [apiv2][(partial)header] POST https://cloudresourcemanager.googleapis.com/v1/projects/codagotchi:testIamPermissions x-goog-quota-user=projects/codagotchi
[debug] [2024-01-29T01:51:41.840Z] >>> [apiv2][body] POST https://cloudresourcemanager.googleapis.com/v1/projects/codagotchi:testIamPermissions {"permissions":["cloudfunctions.functions.create","cloudfunctions.functions.delete","cloudfunctions.functions.get","cloudfunctions.functions.list","cloudfunctions.functions.update","cloudfunctions.operations.get","firebase.projects.get"]}
[debug] [2024-01-29T01:51:42.241Z] <<< [apiv2][status] POST https://cloudresourcemanager.googleapis.com/v1/projects/codagotchi:testIamPermissions 200
[debug] [2024-01-29T01:51:42.241Z] <<< [apiv2][body] POST https://cloudresourcemanager.googleapis.com/v1/projects/codagotchi:testIamPermissions {"permissions":["cloudfunctions.functions.create","cloudfunctions.functions.delete","cloudfunctions.functions.get","cloudfunctions.functions.list","cloudfunctions.functions.update","cloudfunctions.operations.get","firebase.projects.get"]}
[debug] [2024-01-29T01:51:42.242Z] >>> [apiv2][query] POST https://iam.googleapis.com/v1/projects/codagotchi/serviceAccounts/codagotchi@appspot.gserviceaccount.com:testIamPermissions [none]
[debug] [2024-01-29T01:51:42.242Z] >>> [apiv2][body] POST https://iam.googleapis.com/v1/projects/codagotchi/serviceAccounts/codagotchi@appspot.gserviceaccount.com:testIamPermissions {"permissions":["iam.serviceAccounts.actAs"]}
[debug] [2024-01-29T01:51:42.685Z] <<< [apiv2][status] POST https://iam.googleapis.com/v1/projects/codagotchi/serviceAccounts/codagotchi@appspot.gserviceaccount.com:testIamPermissions 200
[debug] [2024-01-29T01:51:42.686Z] <<< [apiv2][body] POST https://iam.googleapis.com/v1/projects/codagotchi/serviceAccounts/codagotchi@appspot.gserviceaccount.com:testIamPermissions {"permissions":["iam.serviceAccounts.actAs"]}
[info] 
[info] === Deploying to 'codagotchi'...
[info] 
[info] i  deploying functions 
[debug] [2024-01-29T01:51:42.691Z] >>> [apiv2][query] GET https://firebase.googleapis.com/v1beta1/projects/codagotchi [none]
[debug] [2024-01-29T01:51:43.078Z] <<< [apiv2][status] GET https://firebase.googleapis.com/v1beta1/projects/codagotchi 200
[debug] [2024-01-29T01:51:43.078Z] <<< [apiv2][body] GET https://firebase.googleapis.com/v1beta1/projects/codagotchi {"projectId":"codagotchi","projectNumber":"906441550178","displayName":"Codagotchi","name":"projects/codagotchi","resources":{"hostingSite":"codagotchi","realtimeDatabaseInstance":"codagotchi-default-rtdb"},"state":"ACTIVE","etag":"1_74027fe9-819b-4fd9-a987-fb87d7580fba"}
[info] i  functions: preparing codebase default for deployment 
[info] i  functions: ensuring required API cloudfunctions.googleapis.com is enabled... 
[info] i  functions: ensuring required API cloudbuild.googleapis.com is enabled... 
[info] i  artifactregistry: ensuring required API artifactregistry.googleapis.com is enabled... 
[debug] [2024-01-29T01:51:43.079Z] >>> [apiv2][query] GET https://serviceusage.googleapis.com/v1/projects/codagotchi/services/cloudfunctions.googleapis.com [none]
[debug] [2024-01-29T01:51:43.079Z] >>> [apiv2][(partial)header] GET https://serviceusage.googleapis.com/v1/projects/codagotchi/services/cloudfunctions.googleapis.com x-goog-quota-user=projects/codagotchi
[debug] [2024-01-29T01:51:43.080Z] >>> [apiv2][query] GET https://serviceusage.googleapis.com/v1/projects/codagotchi/services/runtimeconfig.googleapis.com [none]
[debug] [2024-01-29T01:51:43.080Z] >>> [apiv2][(partial)header] GET https://serviceusage.googleapis.com/v1/projects/codagotchi/services/runtimeconfig.googleapis.com x-goog-quota-user=projects/codagotchi
[debug] [2024-01-29T01:51:43.080Z] >>> [apiv2][query] GET https://serviceusage.googleapis.com/v1/projects/codagotchi/services/cloudbuild.googleapis.com [none]
[debug] [2024-01-29T01:51:43.080Z] >>> [apiv2][(partial)header] GET https://serviceusage.googleapis.com/v1/projects/codagotchi/services/cloudbuild.googleapis.com x-goog-quota-user=projects/codagotchi
[debug] [2024-01-29T01:51:43.081Z] >>> [apiv2][query] GET https://serviceusage.googleapis.com/v1/projects/codagotchi/services/artifactregistry.googleapis.com [none]
[debug] [2024-01-29T01:51:43.081Z] >>> [apiv2][(partial)header] GET https://serviceusage.googleapis.com/v1/projects/codagotchi/services/artifactregistry.googleapis.com x-goog-quota-user=projects/codagotchi
[debug] [2024-01-29T01:51:43.630Z] <<< [apiv2][status] GET https://serviceusage.googleapis.com/v1/projects/codagotchi/services/cloudbuild.googleapis.com 200
[debug] [2024-01-29T01:51:43.630Z] <<< [apiv2][body] GET https://serviceusage.googleapis.com/v1/projects/codagotchi/services/cloudbuild.googleapis.com [omitted]
[info] ✔  functions: required API cloudbuild.googleapis.com is enabled 
[debug] [2024-01-29T01:51:43.632Z] <<< [apiv2][status] GET https://serviceusage.googleapis.com/v1/projects/codagotchi/services/runtimeconfig.googleapis.com 200
[debug] [2024-01-29T01:51:43.633Z] <<< [apiv2][body] GET https://serviceusage.googleapis.com/v1/projects/codagotchi/services/runtimeconfig.googleapis.com [omitted]
[debug] [2024-01-29T01:51:43.633Z] <<< [apiv2][status] GET https://serviceusage.googleapis.com/v1/projects/codagotchi/services/artifactregistry.googleapis.com 200
[debug] [2024-01-29T01:51:43.633Z] <<< [apiv2][body] GET https://serviceusage.googleapis.com/v1/projects/codagotchi/services/artifactregistry.googleapis.com [omitted]
[info] ✔  artifactregistry: required API artifactregistry.googleapis.com is enabled 
[debug] [2024-01-29T01:51:43.634Z] <<< [apiv2][status] GET https://serviceusage.googleapis.com/v1/projects/codagotchi/services/cloudfunctions.googleapis.com 200
[debug] [2024-01-29T01:51:43.634Z] <<< [apiv2][body] GET https://serviceusage.googleapis.com/v1/projects/codagotchi/services/cloudfunctions.googleapis.com [omitted]
[info] ✔  functions: required API cloudfunctions.googleapis.com is enabled 
[debug] [2024-01-29T01:51:43.635Z] >>> [apiv2][query] GET https://firebase.googleapis.com/v1beta1/projects/codagotchi/adminSdkConfig [none]
[debug] [2024-01-29T01:51:43.800Z] <<< [apiv2][status] GET https://firebase.googleapis.com/v1beta1/projects/codagotchi/adminSdkConfig 200
[debug] [2024-01-29T01:51:43.800Z] <<< [apiv2][body] GET https://firebase.googleapis.com/v1beta1/projects/codagotchi/adminSdkConfig {"projectId":"codagotchi","databaseURL":"https://codagotchi-default-rtdb.firebaseio.com","storageBucket":"codagotchi.appspot.com"}
[debug] [2024-01-29T01:51:43.801Z] >>> [apiv2][query] GET https://runtimeconfig.googleapis.com/v1beta1/projects/codagotchi/configs [none]
[debug] [2024-01-29T01:51:44.086Z] <<< [apiv2][status] GET https://runtimeconfig.googleapis.com/v1beta1/projects/codagotchi/configs 200
[debug] [2024-01-29T01:51:44.086Z] <<< [apiv2][body] GET https://runtimeconfig.googleapis.com/v1beta1/projects/codagotchi/configs {"configs":[{"name":"projects/codagotchi/configs/github"}]}
[debug] [2024-01-29T01:51:44.087Z] >>> [apiv2][query] GET https://runtimeconfig.googleapis.com/v1beta1/projects/codagotchi/configs/github/variables [none]
[debug] [2024-01-29T01:51:44.232Z] <<< [apiv2][status] GET https://runtimeconfig.googleapis.com/v1beta1/projects/codagotchi/configs/github/variables 200
[debug] [2024-01-29T01:51:44.232Z] <<< [apiv2][body] GET https://runtimeconfig.googleapis.com/v1beta1/projects/codagotchi/configs/github/variables {"variables":[{"name":"projects/codagotchi/configs/github/variables/client_secret","updateTime":"2023-10-31T21:55:10.649448089Z"}]}
[debug] [2024-01-29T01:51:44.233Z] >>> [apiv2][query] GET https://runtimeconfig.googleapis.com/v1beta1/projects/codagotchi/configs/github/variables/client_secret [none]
[debug] [2024-01-29T01:51:44.358Z] <<< [apiv2][status] GET https://runtimeconfig.googleapis.com/v1beta1/projects/codagotchi/configs/github/variables/client_secret 200
[debug] [2024-01-29T01:51:44.359Z] <<< [apiv2][body] GET https://runtimeconfig.googleapis.com/v1beta1/projects/codagotchi/configs/github/variables/client_secret {"name":"projects/codagotchi/configs/github/variables/client_secret","updateTime":"2023-10-31T21:55:10.649448089Z","text":"aacf32919ccc5a53a3c2d441f02df98ec0a926de"}
[debug] [2024-01-29T01:51:44.361Z] Validating nodejs source
[debug] [2024-01-29T01:51:44.791Z] > [functions] package.json contents: {
  "name": "functions",
  "type": "module",
  "description": "Cloud Functions for Firebase",
  "scripts": {
    "serve": "firebase emulators:start --only functions",
    "shell": "firebase functions:shell",
    "start": "npm run shell",
    "deploy": "firebase deploy --only functions",
    "logs": "firebase functions:log"
  },
  "engines": {
    "node": "20"
  },
  "main": "index.js",
  "dependencies": {
    "axios": "^1.6.0",
    "firebase-admin": "^11.8.0",
    "firebase-functions": "^4.6.0"
  },
  "devDependencies": {
    "firebase-functions-test": "^3.1.0"
  },
  "private": true
}
[debug] [2024-01-29T01:51:44.792Z] Building nodejs source
[info] i  functions: Loading and analyzing source code for codebase default to determine what to deploy 
[debug] [2024-01-29T01:51:44.792Z] Could not find functions.yaml. Must use http discovery
[debug] [2024-01-29T01:51:44.797Z] Found firebase-functions binary at '/Users/alim/Documents/GitHub/codagotchi/functions/node_modules/.bin/firebase-functions'
[info] Serving at port 8421

[debug] [2024-01-29T01:51:45.122Z] Got response from /__/functions.yaml {"endpoints":{"deleteOldTokens":{"platform":"gcfv1","availableMemoryMb":null,"timeoutSeconds":null,"minInstances":null,"maxInstances":null,"ingressSettings":null,"serviceAccountEmail":null,"vpc":null,"scheduleTrigger":{"schedule":"0 0 * * *","retryConfig":{"retryCount":null,"maxDoublings":null,"maxRetryDuration":null,"maxBackoffDuration":null,"minBackoffDuration":null},"timeZone":"America/Los_Angeles"},"labels":{},"entryPoint":"deleteOldTokens"},"handleFriendRequest":{"platform":"gcfv1","labels":{},"availableMemoryMb":null,"timeoutSeconds":null,"minInstances":null,"maxInstances":null,"ingressSettings":null,"serviceAccountEmail":null,"vpc":null,"callableTrigger":{},"entryPoint":"handleFriendRequest"},"handleGitHubRedirect":{"platform":"gcfv1","availableMemoryMb":null,"timeoutSeconds":null,"minInstances":null,"maxInstances":null,"ingressSettings":null,"serviceAccountEmail":null,"vpc":null,"httpsTrigger":{},"entryPoint":"handleGitHubRedirect"},"removeFriend":{"platform":"gcfv1","labels":{},"availableMemoryMb":null,"timeoutSeconds":null,"minInstances":null,"maxInstances":null,"ingressSettings":null,"serviceAccountEmail":null,"vpc":null,"callableTrigger":{},"entryPoint":"removeFriend"},"searchUsers":{"platform":"gcfv1","labels":{},"availableMemoryMb":null,"timeoutSeconds":null,"minInstances":null,"maxInstances":null,"ingressSettings":null,"serviceAccountEmail":null,"vpc":null,"callableTrigger":{},"entryPoint":"searchUsers"},"sendFriendRequest":{"platform":"gcfv1","labels":{},"availableMemoryMb":null,"timeoutSeconds":null,"minInstances":null,"maxInstances":null,"ingressSettings":null,"serviceAccountEmail":null,"vpc":null,"callableTrigger":{},"entryPoint":"sendFriendRequest"}},"specVersion":"v1alpha1","requiredAPIs":[{"api":"cloudscheduler.googleapis.com","reason":"Needed for scheduled functions."}]}
[info] i  functions: preparing functions directory for uploading... 
[info] i  functions: packaged /Users/alim/Documents/GitHub/codagotchi/functions (74.1 KB) for uploading 
[debug] [2024-01-29T01:51:50.173Z] >>> [apiv2][query] GET https://cloudfunctions.googleapis.com/v1/projects/codagotchi/locations/-/functions [none]
[debug] [2024-01-29T01:51:50.895Z] <<< [apiv2][status] GET https://cloudfunctions.googleapis.com/v1/projects/codagotchi/locations/-/functions 200
[debug] [2024-01-29T01:51:50.896Z] <<< [apiv2][body] GET https://cloudfunctions.googleapis.com/v1/projects/codagotchi/locations/-/functions {"functions":[{"name":"projects/codagotchi/locations/us-central1/functions/deleteOldTokens","eventTrigger":{"eventType":"google.pubsub.topic.publish","resource":"projects/codagotchi/topics/firebase-schedule-deleteOldTokens-us-central1","service":"pubsub.googleapis.com","failurePolicy":{}},"status":"ACTIVE","entryPoint":"deleteOldTokens","timeout":"60s","availableMemoryMb":256,"serviceAccountEmail":"codagotchi@appspot.gserviceaccount.com","updateTime":"2024-01-29T01:43:00.732Z","versionId":"5","labels":{"deployment-tool":"cli-firebase","deployment-scheduled":"true","firebase-functions-hash":"653f69bdf97917b925bc6dc67717446b78166d3e"},"sourceUploadUrl":"https://storage.googleapis.com/uploads-747597282617.us-central1.cloudfunctions.appspot.com/9a0e6ece-c2e4-4742-96fa-9c8194f229a0.zip","environmentVariables":{"FIREBASE_CONFIG":"{\"projectId\":\"codagotchi\",\"databaseURL\":\"https://codagotchi-default-rtdb.firebaseio.com\",\"storageBucket\":\"codagotchi.appspot.com\"}","GCLOUD_PROJECT":"codagotchi","EVENTARC_CLOUD_EVENT_SOURCE":"projects/codagotchi/locations/us-central1/functions/deleteOldTokens"},"runtime":"nodejs20","maxInstances":3000,"ingressSettings":"ALLOW_ALL","buildId":"c1195639-8d30-4af3-9c6a-80a7f27eefbd","buildEnvironmentVariables":{"GOOGLE_NODE_RUN_SCRIPTS":""},"buildName":"projects/906441550178/locations/us-central1/builds/c1195639-8d30-4af3-9c6a-80a7f27eefbd","dockerRegistry":"ARTIFACT_REGISTRY","automaticUpdatePolicy":{}},{"name":"projects/codagotchi/locations/us-central1/functions/handleFriendRequest","httpsTrigger":{"url":"https://us-central1-codagotchi.cloudfunctions.net/handleFriendRequest","securityLevel":"SECURE_ALWAYS"},"status":"ACTIVE","entryPoint":"handleFriendRequest","timeout":"60s","availableMemoryMb":256,"serviceAccountEmail":"codagotchi@appspot.gserviceaccount.com","updateTime":"2024-01-29T01:42:56.925Z","versionId":"4","labels":{"deployment-tool":"cli-firebase","deployment-callable":"true","firebase-functions-hash":"653f69bdf97917b925bc6dc67717446b78166d3e"},"sourceUploadUrl":"https://storage.googleapis.com/uploads-747597282617.us-central1.cloudfunctions.appspot.com/9a0e6ece-c2e4-4742-96fa-9c8194f229a0.zip","environmentVariables":{"FIREBASE_CONFIG":"{\"projectId\":\"codagotchi\",\"databaseURL\":\"https://codagotchi-default-rtdb.firebaseio.com\",\"storageBucket\":\"codagotchi.appspot.com\"}","GCLOUD_PROJECT":"codagotchi","EVENTARC_CLOUD_EVENT_SOURCE":"projects/codagotchi/locations/us-central1/functions/handleFriendRequest"},"runtime":"nodejs20","ingressSettings":"ALLOW_ALL","buildId":"c1195639-8d30-4af3-9c6a-80a7f27eefbd","buildEnvironmentVariables":{"GOOGLE_NODE_RUN_SCRIPTS":""},"buildName":"projects/906441550178/locations/us-central1/builds/c1195639-8d30-4af3-9c6a-80a7f27eefbd","dockerRegistry":"ARTIFACT_REGISTRY","automaticUpdatePolicy":{}},{"name":"projects/codagotchi/locations/us-central1/functions/handleGitHubRedirect","httpsTrigger":{"url":"https://us-central1-codagotchi.cloudfunctions.net/handleGitHubRedirect","securityLevel":"SECURE_ALWAYS"},"status":"ACTIVE","entryPoint":"handleGitHubRedirect","timeout":"60s","availableMemoryMb":256,"serviceAccountEmail":"codagotchi@appspot.gserviceaccount.com","updateTime":"2024-01-29T01:42:59.455Z","versionId":"4","labels":{"deployment-tool":"cli-firebase","firebase-functions-hash":"653f69bdf97917b925bc6dc67717446b78166d3e"},"sourceUploadUrl":"https://storage.googleapis.com/uploads-747597282617.us-central1.cloudfunctions.appspot.com/9a0e6ece-c2e4-4742-96fa-9c8194f229a0.zip","environmentVariables":{"FIREBASE_CONFIG":"{\"projectId\":\"codagotchi\",\"databaseURL\":\"https://codagotchi-default-rtdb.firebaseio.com\",\"storageBucket\":\"codagotchi.appspot.com\"}","GCLOUD_PROJECT":"codagotchi","EVENTARC_CLOUD_EVENT_SOURCE":"projects/codagotchi/locations/us-central1/functions/handleGitHubRedirect"},"runtime":"nodejs20","ingressSettings":"ALLOW_ALL","buildId":"c1195639-8d30-4af3-9c6a-80a7f27eefbd","buildEnvironmentVariables":{"GOOGLE_NODE_RUN_SCRIPTS":""},"buildName":"projects/906441550178/locations/us-central1/builds/c1195639-8d30-4af3-9c6a-80a7f27eefbd","dockerRegistry":"ARTIFACT_REGISTRY","automaticUpdatePolicy":{}},{"name":"projects/codagotchi/locations/us-central1/functions/removeFriend","httpsTrigger":{"url":"https://us-central1-codagotchi.cloudfunctions.net/removeFriend","securityLevel":"SECURE_ALWAYS"},"status":"ACTIVE","entryPoint":"removeFriend","timeout":"60s","availableMemoryMb":256,"serviceAccountEmail":"codagotchi@appspot.gserviceaccount.com","updateTime":"2024-01-29T01:42:49.399Z","versionId":"1","labels":{"deployment-tool":"cli-firebase","deployment-callable":"true","firebase-functions-hash":"653f69bdf97917b925bc6dc67717446b78166d3e"},"sourceUploadUrl":"https://storage.googleapis.com/uploads-747597282617.us-central1.cloudfunctions.appspot.com/9a0e6ece-c2e4-4742-96fa-9c8194f229a0.zip","environmentVariables":{"FIREBASE_CONFIG":"{\"projectId\":\"codagotchi\",\"databaseURL\":\"https://codagotchi-default-rtdb.firebaseio.com\",\"storageBucket\":\"codagotchi.appspot.com\"}","GCLOUD_PROJECT":"codagotchi","EVENTARC_CLOUD_EVENT_SOURCE":"projects/codagotchi/locations/us-central1/functions/removeFriend"},"runtime":"nodejs20","ingressSettings":"ALLOW_ALL","buildId":"c1195639-8d30-4af3-9c6a-80a7f27eefbd","buildEnvironmentVariables":{"GOOGLE_NODE_RUN_SCRIPTS":""},"buildName":"projects/906441550178/locations/us-central1/builds/c1195639-8d30-4af3-9c6a-80a7f27eefbd","dockerRegistry":"ARTIFACT_REGISTRY","automaticUpdatePolicy":{}},{"name":"projects/codagotchi/locations/us-central1/functions/searchUsers","httpsTrigger":{"url":"https://us-central1-codagotchi.cloudfunctions.net/searchUsers","securityLevel":"SECURE_ALWAYS"},"status":"ACTIVE","entryPoint":"searchUsers","timeout":"60s","availableMemoryMb":256,"serviceAccountEmail":"codagotchi@appspot.gserviceaccount.com","updateTime":"2024-01-29T01:42:59.340Z","versionId":"4","labels":{"deployment-tool":"cli-firebase","deployment-callable":"true","firebase-functions-hash":"653f69bdf97917b925bc6dc67717446b78166d3e"},"sourceUploadUrl":"https://storage.googleapis.com/uploads-747597282617.us-central1.cloudfunctions.appspot.com/9a0e6ece-c2e4-4742-96fa-9c8194f229a0.zip","environmentVariables":{"FIREBASE_CONFIG":"{\"projectId\":\"codagotchi\",\"databaseURL\":\"https://codagotchi-default-rtdb.firebaseio.com\",\"storageBucket\":\"codagotchi.appspot.com\"}","GCLOUD_PROJECT":"codagotchi","EVENTARC_CLOUD_EVENT_SOURCE":"projects/codagotchi/locations/us-central1/functions/searchUsers"},"runtime":"nodejs20","ingressSettings":"ALLOW_ALL","buildId":"c1195639-8d30-4af3-9c6a-80a7f27eefbd","buildEnvironmentVariables":{"GOOGLE_NODE_RUN_SCRIPTS":""},"buildName":"projects/906441550178/locations/us-central1/builds/c1195639-8d30-4af3-9c6a-80a7f27eefbd","dockerRegistry":"ARTIFACT_REGISTRY","automaticUpdatePolicy":{}},{"name":"projects/codagotchi/locations/us-central1/functions/sendFriendRequest","httpsTrigger":{"url":"https://us-central1-codagotchi.cloudfunctions.net/sendFriendRequest","securityLevel":"SECURE_ALWAYS"},"status":"ACTIVE","entryPoint":"sendFriendRequest","timeout":"60s","availableMemoryMb":256,"serviceAccountEmail":"codagotchi@appspot.gserviceaccount.com","updateTime":"2024-01-29T01:42:58.937Z","versionId":"4","labels":{"deployment-tool":"cli-firebase","deployment-callable":"true","firebase-functions-hash":"653f69bdf97917b925bc6dc67717446b78166d3e"},"sourceUploadUrl":"https://storage.googleapis.com/uploads-747597282617.us-central1.cloudfunctions.appspot.com/9a0e6ece-c2e4-4742-96fa-9c8194f229a0.zip","environmentVariables":{"FIREBASE_CONFIG":"{\"projectId\":\"codagotchi\",\"databaseURL\":\"https://codagotchi-default-rtdb.firebaseio.com\",\"storageBucket\":\"codagotchi.appspot.com\"}","GCLOUD_PROJECT":"codagotchi","EVENTARC_CLOUD_EVENT_SOURCE":"projects/codagotchi/locations/us-central1/functions/sendFriendRequest"},"runtime":"nodejs20","ingressSettings":"ALLOW_ALL","buildId":"c1195639-8d30-4af3-9c6a-80a7f27eefbd","buildEnvironmentVariables":{"GOOGLE_NODE_RUN_SCRIPTS":""},"buildName":"projects/906441550178/locations/us-central1/builds/c1195639-8d30-4af3-9c6a-80a7f27eefbd","dockerRegistry":"ARTIFACT_REGISTRY","automaticUpdatePolicy":{}}]}
[debug] [2024-01-29T01:51:50.898Z] >>> [apiv2][query] GET https://cloudfunctions.googleapis.com/v2/projects/codagotchi/locations/-/functions filter=environment%3D%22GEN_2%22
[debug] [2024-01-29T01:51:51.404Z] <<< [apiv2][status] GET https://cloudfunctions.googleapis.com/v2/projects/codagotchi/locations/-/functions 200
[debug] [2024-01-29T01:51:51.404Z] <<< [apiv2][body] GET https://cloudfunctions.googleapis.com/v2/projects/codagotchi/locations/-/functions {}
[info] i  functions: ensuring required API cloudscheduler.googleapis.com is enabled... 
[debug] [2024-01-29T01:51:51.405Z] >>> [apiv2][query] GET https://serviceusage.googleapis.com/v1/projects/codagotchi/services/cloudscheduler.googleapis.com [none]
[debug] [2024-01-29T01:51:51.405Z] >>> [apiv2][(partial)header] GET https://serviceusage.googleapis.com/v1/projects/codagotchi/services/cloudscheduler.googleapis.com x-goog-quota-user=projects/codagotchi
[debug] [2024-01-29T01:51:51.767Z] <<< [apiv2][status] GET https://serviceusage.googleapis.com/v1/projects/codagotchi/services/cloudscheduler.googleapis.com 200
[debug] [2024-01-29T01:51:51.767Z] <<< [apiv2][body] GET https://serviceusage.googleapis.com/v1/projects/codagotchi/services/cloudscheduler.googleapis.com [omitted]
[info] ✔  functions: required API cloudscheduler.googleapis.com is enabled 
[debug] [2024-01-29T01:51:51.771Z] >>> [apiv2][query] GET https://firebase.googleapis.com/v1beta1/projects/codagotchi [none]
[debug] [2024-01-29T01:51:51.946Z] <<< [apiv2][status] GET https://firebase.googleapis.com/v1beta1/projects/codagotchi 200
[debug] [2024-01-29T01:51:51.946Z] <<< [apiv2][body] GET https://firebase.googleapis.com/v1beta1/projects/codagotchi {"projectId":"codagotchi","projectNumber":"906441550178","displayName":"Codagotchi","name":"projects/codagotchi","resources":{"hostingSite":"codagotchi","realtimeDatabaseInstance":"codagotchi-default-rtdb"},"state":"ACTIVE","etag":"1_74027fe9-819b-4fd9-a987-fb87d7580fba"}
[debug] [2024-01-29T01:51:51.949Z] >>> [apiv2][query] POST https://cloudfunctions.googleapis.com/v1/projects/codagotchi/locations/us-central1/functions:generateUploadUrl [none]
[debug] [2024-01-29T01:51:51.949Z] >>> [apiv2][body] POST https://cloudfunctions.googleapis.com/v1/projects/codagotchi/locations/us-central1/functions:generateUploadUrl {}
[debug] [2024-01-29T01:51:52.530Z] <<< [apiv2][status] POST https://cloudfunctions.googleapis.com/v1/projects/codagotchi/locations/us-central1/functions:generateUploadUrl 200
[debug] [2024-01-29T01:51:52.530Z] <<< [apiv2][body] POST https://cloudfunctions.googleapis.com/v1/projects/codagotchi/locations/us-central1/functions:generateUploadUrl {"uploadUrl":"https://storage.googleapis.com/uploads-747597282617.us-central1.cloudfunctions.appspot.com/bf796084-b0ee-48f2-bbb4-7caf153beea9.zip?GoogleAccessId=service-906441550178@gcf-admin-robot.iam.gserviceaccount.com&Expires=1706494912&Signature=RWPqtTK8vHISX36Ks1%2BLEuqjN2e5V%2FWoiEfIslKmM6%2BSlh%2F2poofmcy16WQlHDJmim8snES4qN9sllExOlqjlyZE1XSYYFu7rQvqfvxlnZcOARq%2FlzUciXH%2F%2FZR2tV6kkU5YUO8Eq7NSEFII%2BImk%2FI8fldcTZtIfH93rnhX9lHUw%2B5flEGFmkajSbIuDuO2xe6BZJO%2FmfU537WSqY4HvnfaJthmPCcGaV37A8gYaLTLhA19juJpcRQMXBUP9Uzstk70LmEnuBZHu9XdGT2GMeD9cLC0oRJEvzn04tyf2UKoS9aO6BCq3G2UQRFztv6ffFVVRF92sx%2BWh1AIfDXIkiQ%3D%3D"}
[debug] [2024-01-29T01:51:52.532Z] >>> [apiv2][query] PUT https://storage.googleapis.com/uploads-747597282617.us-central1.cloudfunctions.appspot.com/bf796084-b0ee-48f2-bbb4-7caf153beea9.zip GoogleAccessId=service-906441550178%40gcf-admin-robot.iam.gserviceaccount.com&Expires=1706494912&Signature=RWPqtTK8vHISX36Ks1%2BLEuqjN2e5V%2FWoiEfIslKmM6%2BSlh%2F2poofmcy16WQlHDJmim8snES4qN9sllExOlqjlyZE1XSYYFu7rQvqfvxlnZcOARq%2FlzUciXH%2F%2FZR2tV6kkU5YUO8Eq7NSEFII%2BImk%2FI8fldcTZtIfH93rnhX9lHUw%2B5flEGFmkajSbIuDuO2xe6BZJO%2FmfU537WSqY4HvnfaJthmPCcGaV37A8gYaLTLhA19juJpcRQMXBUP9Uzstk70LmEnuBZHu9XdGT2GMeD9cLC0oRJEvzn04tyf2UKoS9aO6BCq3G2UQRFztv6ffFVVRF92sx%2BWh1AIfDXIkiQ%3D%3D
[debug] [2024-01-29T01:51:52.532Z] >>> [apiv2][body] PUT https://storage.googleapis.com/uploads-747597282617.us-central1.cloudfunctions.appspot.com/bf796084-b0ee-48f2-bbb4-7caf153beea9.zip [stream]
[debug] [2024-01-29T01:51:52.977Z] <<< [apiv2][status] PUT https://storage.googleapis.com/uploads-747597282617.us-central1.cloudfunctions.appspot.com/bf796084-b0ee-48f2-bbb4-7caf153beea9.zip 200
[debug] [2024-01-29T01:51:52.977Z] <<< [apiv2][body] PUT https://storage.googleapis.com/uploads-747597282617.us-central1.cloudfunctions.appspot.com/bf796084-b0ee-48f2-bbb4-7caf153beea9.zip [omitted]
[info] ✔  functions: functions folder uploaded successfully 
[info] i  functions: updating Node.js 20 (1st Gen) function deleteOldTokens(us-central1)... 
[info] i  functions: updating Node.js 20 (1st Gen) function handleFriendRequest(us-central1)... 
[info] i  functions: updating Node.js 20 (1st Gen) function handleGitHubRedirect(us-central1)... 
[info] i  functions: updating Node.js 20 (1st Gen) function removeFriend(us-central1)... 
[info] i  functions: updating Node.js 20 (1st Gen) function searchUsers(us-central1)... 
[info] i  functions: updating Node.js 20 (1st Gen) function sendFriendRequest(us-central1)... 
[debug] [2024-01-29T01:51:52.984Z] >>> [apiv2][query] PATCH https://cloudfunctions.googleapis.com/v1/projects/codagotchi/locations/us-central1/functions/deleteOldTokens updateMask=name%2CsourceUploadUrl%2CentryPoint%2Cruntime%2CdockerRegistry%2Clabels%2CeventTrigger.eventType%2CeventTrigger.resource%2CminInstances%2CmaxInstances%2CingressSettings%2CenvironmentVariables%2CserviceAccountEmail%2CavailableMemoryMb%2Ctimeout%2CvpcConnector%2CvpcConnectorEgressSettings%2CsourceToken%2CbuildEnvironmentVariables
[debug] [2024-01-29T01:51:52.985Z] >>> [apiv2][body] PATCH https://cloudfunctions.googleapis.com/v1/projects/codagotchi/locations/us-central1/functions/deleteOldTokens {"name":"projects/codagotchi/locations/us-central1/functions/deleteOldTokens","sourceUploadUrl":"https://storage.googleapis.com/uploads-747597282617.us-central1.cloudfunctions.appspot.com/bf796084-b0ee-48f2-bbb4-7caf153beea9.zip?GoogleAccessId=service-906441550178@gcf-admin-robot.iam.gserviceaccount.com&Expires=1706494912&Signature=RWPqtTK8vHISX36Ks1%2BLEuqjN2e5V%2FWoiEfIslKmM6%2BSlh%2F2poofmcy16WQlHDJmim8snES4qN9sllExOlqjlyZE1XSYYFu7rQvqfvxlnZcOARq%2FlzUciXH%2F%2FZR2tV6kkU5YUO8Eq7NSEFII%2BImk%2FI8fldcTZtIfH93rnhX9lHUw%2B5flEGFmkajSbIuDuO2xe6BZJO%2FmfU537WSqY4HvnfaJthmPCcGaV37A8gYaLTLhA19juJpcRQMXBUP9Uzstk70LmEnuBZHu9XdGT2GMeD9cLC0oRJEvzn04tyf2UKoS9aO6BCq3G2UQRFztv6ffFVVRF92sx%2BWh1AIfDXIkiQ%3D%3D","entryPoint":"deleteOldTokens","runtime":"nodejs20","dockerRegistry":"ARTIFACT_REGISTRY","labels":{"deployment-tool":"cli-firebase","deployment-scheduled":"true","firebase-functions-hash":"2c6ac6b6bba94aa7b5692077c78304c095712f12"},"eventTrigger":{"eventType":"google.pubsub.topic.publish","resource":"projects/codagotchi/topics/firebase-schedule-deleteOldTokens-us-central1"},"minInstances":null,"maxInstances":null,"ingressSettings":null,"environmentVariables":{"FIREBASE_CONFIG":"{\"projectId\":\"codagotchi\",\"databaseURL\":\"https://codagotchi-default-rtdb.firebaseio.com\",\"storageBucket\":\"codagotchi.appspot.com\"}","GCLOUD_PROJECT":"codagotchi","EVENTARC_CLOUD_EVENT_SOURCE":"projects/codagotchi/locations/us-central1/functions/deleteOldTokens"},"serviceAccountEmail":null,"availableMemoryMb":null,"timeout":null,"vpcConnector":null,"vpcConnectorEgressSettings":null,"buildEnvironmentVariables":{"GOOGLE_NODE_RUN_SCRIPTS":""}}
[debug] [2024-01-29T01:51:53.453Z] <<< [apiv2][status] PATCH https://cloudfunctions.googleapis.com/v1/projects/codagotchi/locations/us-central1/functions/deleteOldTokens 200
[debug] [2024-01-29T01:51:53.453Z] <<< [apiv2][body] PATCH https://cloudfunctions.googleapis.com/v1/projects/codagotchi/locations/us-central1/functions/deleteOldTokens {"name":"operations/Y29kYWdvdGNoaS91cy1jZW50cmFsMS9kZWxldGVPbGRUb2tlbnMvT0RhdTZzNU4tVFk","metadata":{"@type":"type.googleapis.com/google.cloud.functions.v1.OperationMetadataV1","target":"projects/codagotchi/locations/us-central1/functions/deleteOldTokens","type":"UPDATE_FUNCTION","request":{"@type":"type.googleapis.com/google.cloud.functions.v1.CloudFunction","name":"projects/codagotchi/locations/us-central1/functions/deleteOldTokens","eventTrigger":{"eventType":"google.pubsub.topic.publish","resource":"projects/codagotchi/topics/firebase-schedule-deleteOldTokens-us-central1","service":"pubsub.googleapis.com","failurePolicy":{}},"status":"ACTIVE","entryPoint":"deleteOldTokens","updateTime":"2024-01-29T01:43:00.732Z","versionId":"5","labels":{"deployment-tool":"cli-firebase","deployment-scheduled":"true","firebase-functions-hash":"2c6ac6b6bba94aa7b5692077c78304c095712f12"},"sourceUploadUrl":"https://storage.googleapis.com/uploads-747597282617.us-central1.cloudfunctions.appspot.com/bf796084-b0ee-48f2-bbb4-7caf153beea9.zip?GoogleAccessId=service-906441550178@gcf-admin-robot.iam.gserviceaccount.com&Expires=1706494912&Signature=RWPqtTK8vHISX36Ks1%2BLEuqjN2e5V%2FWoiEfIslKmM6%2BSlh%2F2poofmcy16WQlHDJmim8snES4qN9sllExOlqjlyZE1XSYYFu7rQvqfvxlnZcOARq%2FlzUciXH%2F%2FZR2tV6kkU5YUO8Eq7NSEFII%2BImk%2FI8fldcTZtIfH93rnhX9lHUw%2B5flEGFmkajSbIuDuO2xe6BZJO%2FmfU537WSqY4HvnfaJthmPCcGaV37A8gYaLTLhA19juJpcRQMXBUP9Uzstk70LmEnuBZHu9XdGT2GMeD9cLC0oRJEvzn04tyf2UKoS9aO6BCq3G2UQRFztv6ffFVVRF92sx%2BWh1AIfDXIkiQ%3D%3D","environmentVariables":{"FIREBASE_CONFIG":"{\"projectId\":\"codagotchi\",\"databaseURL\":\"https://codagotchi-default-rtdb.firebaseio.com\",\"storageBucket\":\"codagotchi.appspot.com\"}","GCLOUD_PROJECT":"codagotchi","EVENTARC_CLOUD_EVENT_SOURCE":"projects/codagotchi/locations/us-central1/functions/deleteOldTokens"},"runtime":"nodejs20","buildId":"c1195639-8d30-4af3-9c6a-80a7f27eefbd","buildEnvironmentVariables":{"GOOGLE_NODE_RUN_SCRIPTS":""},"buildName":"projects/906441550178/locations/us-central1/builds/c1195639-8d30-4af3-9c6a-80a7f27eefbd","dockerRegistry":"ARTIFACT_REGISTRY","automaticUpdatePolicy":{}},"versionId":"6","updateTime":"2024-01-29T01:51:53Z"}}
[debug] [2024-01-29T01:51:53.454Z] >>> [apiv2][query] GET https://cloudfunctions.googleapis.com/v1/operations/Y29kYWdvdGNoaS91cy1jZW50cmFsMS9kZWxldGVPbGRUb2tlbnMvT0RhdTZzNU4tVFk [none]
[debug] [2024-01-29T01:51:53.573Z] <<< [apiv2][status] GET https://cloudfunctions.googleapis.com/v1/operations/Y29kYWdvdGNoaS91cy1jZW50cmFsMS9kZWxldGVPbGRUb2tlbnMvT0RhdTZzNU4tVFk 200
[debug] [2024-01-29T01:51:53.574Z] <<< [apiv2][body] GET https://cloudfunctions.googleapis.com/v1/operations/Y29kYWdvdGNoaS91cy1jZW50cmFsMS9kZWxldGVPbGRUb2tlbnMvT0RhdTZzNU4tVFk {"name":"operations/Y29kYWdvdGNoaS91cy1jZW50cmFsMS9kZWxldGVPbGRUb2tlbnMvT0RhdTZzNU4tVFk","metadata":{"@type":"type.googleapis.com/google.cloud.functions.v1.OperationMetadataV1","target":"projects/codagotchi/locations/us-central1/functions/deleteOldTokens","type":"UPDATE_FUNCTION","request":{"@type":"type.googleapis.com/google.cloud.functions.v1.CloudFunction","name":"projects/codagotchi/locations/us-central1/functions/deleteOldTokens","eventTrigger":{"eventType":"google.pubsub.topic.publish","resource":"projects/codagotchi/topics/firebase-schedule-deleteOldTokens-us-central1","service":"pubsub.googleapis.com","failurePolicy":{}},"status":"ACTIVE","entryPoint":"deleteOldTokens","updateTime":"2024-01-29T01:43:00.732Z","versionId":"5","labels":{"deployment-tool":"cli-firebase","deployment-scheduled":"true","firebase-functions-hash":"2c6ac6b6bba94aa7b5692077c78304c095712f12"},"sourceUploadUrl":"https://storage.googleapis.com/uploads-747597282617.us-central1.cloudfunctions.appspot.com/bf796084-b0ee-48f2-bbb4-7caf153beea9.zip?GoogleAccessId=service-906441550178@gcf-admin-robot.iam.gserviceaccount.com&Expires=1706494912&Signature=RWPqtTK8vHISX36Ks1%2BLEuqjN2e5V%2FWoiEfIslKmM6%2BSlh%2F2poofmcy16WQlHDJmim8snES4qN9sllExOlqjlyZE1XSYYFu7rQvqfvxlnZcOARq%2FlzUciXH%2F%2FZR2tV6kkU5YUO8Eq7NSEFII%2BImk%2FI8fldcTZtIfH93rnhX9lHUw%2B5flEGFmkajSbIuDuO2xe6BZJO%2FmfU537WSqY4HvnfaJthmPCcGaV37A8gYaLTLhA19juJpcRQMXBUP9Uzstk70LmEnuBZHu9XdGT2GMeD9cLC0oRJEvzn04tyf2UKoS9aO6BCq3G2UQRFztv6ffFVVRF92sx%2BWh1AIfDXIkiQ%3D%3D","environmentVariables":{"FIREBASE_CONFIG":"{\"projectId\":\"codagotchi\",\"databaseURL\":\"https://codagotchi-default-rtdb.firebaseio.com\",\"storageBucket\":\"codagotchi.appspot.com\"}","GCLOUD_PROJECT":"codagotchi","EVENTARC_CLOUD_EVENT_SOURCE":"projects/codagotchi/locations/us-central1/functions/deleteOldTokens"},"runtime":"nodejs20","buildId":"c1195639-8d30-4af3-9c6a-80a7f27eefbd","buildEnvironmentVariables":{"GOOGLE_NODE_RUN_SCRIPTS":""},"buildName":"projects/906441550178/locations/us-central1/builds/c1195639-8d30-4af3-9c6a-80a7f27eefbd","dockerRegistry":"ARTIFACT_REGISTRY","automaticUpdatePolicy":{}},"versionId":"6","updateTime":"2024-01-29T01:51:53Z"}}
[debug] [2024-01-29T01:51:54.075Z] [update-default-us-central1-deleteOldTokens] Retrying task index 0
[debug] [2024-01-29T01:51:54.076Z] >>> [apiv2][query] GET https://cloudfunctions.googleapis.com/v1/operations/Y29kYWdvdGNoaS91cy1jZW50cmFsMS9kZWxldGVPbGRUb2tlbnMvT0RhdTZzNU4tVFk [none]
[debug] [2024-01-29T01:51:54.185Z] <<< [apiv2][status] GET https://cloudfunctions.googleapis.com/v1/operations/Y29kYWdvdGNoaS91cy1jZW50cmFsMS9kZWxldGVPbGRUb2tlbnMvT0RhdTZzNU4tVFk 200
[debug] [2024-01-29T01:51:54.186Z] <<< [apiv2][body] GET https://cloudfunctions.googleapis.com/v1/operations/Y29kYWdvdGNoaS91cy1jZW50cmFsMS9kZWxldGVPbGRUb2tlbnMvT0RhdTZzNU4tVFk {"name":"operations/Y29kYWdvdGNoaS91cy1jZW50cmFsMS9kZWxldGVPbGRUb2tlbnMvT0RhdTZzNU4tVFk","metadata":{"@type":"type.googleapis.com/google.cloud.functions.v1.OperationMetadataV1","target":"projects/codagotchi/locations/us-central1/functions/deleteOldTokens","type":"UPDATE_FUNCTION","request":{"@type":"type.googleapis.com/google.cloud.functions.v1.CloudFunction","name":"projects/codagotchi/locations/us-central1/functions/deleteOldTokens","eventTrigger":{"eventType":"google.pubsub.topic.publish","resource":"projects/codagotchi/topics/firebase-schedule-deleteOldTokens-us-central1","service":"pubsub.googleapis.com","failurePolicy":{}},"status":"ACTIVE","entryPoint":"deleteOldTokens","updateTime":"2024-01-29T01:43:00.732Z","versionId":"5","labels":{"deployment-tool":"cli-firebase","deployment-scheduled":"true","firebase-functions-hash":"2c6ac6b6bba94aa7b5692077c78304c095712f12"},"sourceUploadUrl":"https://storage.googleapis.com/uploads-747597282617.us-central1.cloudfunctions.appspot.com/bf796084-b0ee-48f2-bbb4-7caf153beea9.zip?GoogleAccessId=service-906441550178@gcf-admin-robot.iam.gserviceaccount.com&Expires=1706494912&Signature=RWPqtTK8vHISX36Ks1%2BLEuqjN2e5V%2FWoiEfIslKmM6%2BSlh%2F2poofmcy16WQlHDJmim8snES4qN9sllExOlqjlyZE1XSYYFu7rQvqfvxlnZcOARq%2FlzUciXH%2F%2FZR2tV6kkU5YUO8Eq7NSEFII%2BImk%2FI8fldcTZtIfH93rnhX9lHUw%2B5flEGFmkajSbIuDuO2xe6BZJO%2FmfU537WSqY4HvnfaJthmPCcGaV37A8gYaLTLhA19juJpcRQMXBUP9Uzstk70LmEnuBZHu9XdGT2GMeD9cLC0oRJEvzn04tyf2UKoS9aO6BCq3G2UQRFztv6ffFVVRF92sx%2BWh1AIfDXIkiQ%3D%3D","environmentVariables":{"FIREBASE_CONFIG":"{\"projectId\":\"codagotchi\",\"databaseURL\":\"https://codagotchi-default-rtdb.firebaseio.com\",\"storageBucket\":\"codagotchi.appspot.com\"}","GCLOUD_PROJECT":"codagotchi","EVENTARC_CLOUD_EVENT_SOURCE":"projects/codagotchi/locations/us-central1/functions/deleteOldTokens"},"runtime":"nodejs20","buildId":"c1195639-8d30-4af3-9c6a-80a7f27eefbd","buildEnvironmentVariables":{"GOOGLE_NODE_RUN_SCRIPTS":""},"buildName":"projects/906441550178/locations/us-central1/builds/c1195639-8d30-4af3-9c6a-80a7f27eefbd","dockerRegistry":"ARTIFACT_REGISTRY","automaticUpdatePolicy":{}},"versionId":"6","updateTime":"2024-01-29T01:51:53Z"}}
[debug] [2024-01-29T01:51:55.188Z] [update-default-us-central1-deleteOldTokens] Retrying task index 0
[debug] [2024-01-29T01:51:55.188Z] >>> [apiv2][query] GET https://cloudfunctions.googleapis.com/v1/operations/Y29kYWdvdGNoaS91cy1jZW50cmFsMS9kZWxldGVPbGRUb2tlbnMvT0RhdTZzNU4tVFk [none]
[debug] [2024-01-29T01:51:55.316Z] <<< [apiv2][status] GET https://cloudfunctions.googleapis.com/v1/operations/Y29kYWdvdGNoaS91cy1jZW50cmFsMS9kZWxldGVPbGRUb2tlbnMvT0RhdTZzNU4tVFk 200
[debug] [2024-01-29T01:51:55.316Z] <<< [apiv2][body] GET https://cloudfunctions.googleapis.com/v1/operations/Y29kYWdvdGNoaS91cy1jZW50cmFsMS9kZWxldGVPbGRUb2tlbnMvT0RhdTZzNU4tVFk {"name":"operations/Y29kYWdvdGNoaS91cy1jZW50cmFsMS9kZWxldGVPbGRUb2tlbnMvT0RhdTZzNU4tVFk","metadata":{"@type":"type.googleapis.com/google.cloud.functions.v1.OperationMetadataV1","target":"projects/codagotchi/locations/us-central1/functions/deleteOldTokens","type":"UPDATE_FUNCTION","request":{"@type":"type.googleapis.com/google.cloud.functions.v1.CloudFunction","name":"projects/codagotchi/locations/us-central1/functions/deleteOldTokens","eventTrigger":{"eventType":"google.pubsub.topic.publish","resource":"projects/codagotchi/topics/firebase-schedule-deleteOldTokens-us-central1","service":"pubsub.googleapis.com","failurePolicy":{}},"status":"ACTIVE","entryPoint":"deleteOldTokens","updateTime":"2024-01-29T01:43:00.732Z","versionId":"5","labels":{"deployment-tool":"cli-firebase","deployment-scheduled":"true","firebase-functions-hash":"2c6ac6b6bba94aa7b5692077c78304c095712f12"},"sourceUploadUrl":"https://storage.googleapis.com/uploads-747597282617.us-central1.cloudfunctions.appspot.com/bf796084-b0ee-48f2-bbb4-7caf153beea9.zip?GoogleAccessId=service-906441550178@gcf-admin-robot.iam.gserviceaccount.com&Expires=1706494912&Signature=RWPqtTK8vHISX36Ks1%2BLEuqjN2e5V%2FWoiEfIslKmM6%2BSlh%2F2poofmcy16WQlHDJmim8snES4qN9sllExOlqjlyZE1XSYYFu7rQvqfvxlnZcOARq%2FlzUciXH%2F%2FZR2tV6kkU5YUO8Eq7NSEFII%2BImk%2FI8fldcTZtIfH93rnhX9lHUw%2B5flEGFmkajSbIuDuO2xe6BZJO%2FmfU537WSqY4HvnfaJthmPCcGaV37A8gYaLTLhA19juJpcRQMXBUP9Uzstk70LmEnuBZHu9XdGT2GMeD9cLC0oRJEvzn04tyf2UKoS9aO6BCq3G2UQRFztv6ffFVVRF92sx%2BWh1AIfDXIkiQ%3D%3D","environmentVariables":{"FIREBASE_CONFIG":"{\"projectId\":\"codagotchi\",\"databaseURL\":\"https://codagotchi-default-rtdb.firebaseio.com\",\"storageBucket\":\"codagotchi.appspot.com\"}","GCLOUD_PROJECT":"codagotchi","EVENTARC_CLOUD_EVENT_SOURCE":"projects/codagotchi/locations/us-central1/functions/deleteOldTokens"},"runtime":"nodejs20","buildId":"c1195639-8d30-4af3-9c6a-80a7f27eefbd","buildEnvironmentVariables":{"GOOGLE_NODE_RUN_SCRIPTS":""},"buildName":"projects/906441550178/locations/us-central1/builds/c1195639-8d30-4af3-9c6a-80a7f27eefbd","dockerRegistry":"ARTIFACT_REGISTRY","automaticUpdatePolicy":{}},"versionId":"6","updateTime":"2024-01-29T01:51:53Z","buildId":"a6ac5b0a-f21e-44f9-91cc-5a1055a51bc7","buildName":"projects/906441550178/locations/us-central1/builds/a6ac5b0a-f21e-44f9-91cc-5a1055a51bc7"}}
[debug] [2024-01-29T01:51:57.318Z] [update-default-us-central1-deleteOldTokens] Retrying task index 0
[debug] [2024-01-29T01:51:57.318Z] >>> [apiv2][query] GET https://cloudfunctions.googleapis.com/v1/operations/Y29kYWdvdGNoaS91cy1jZW50cmFsMS9kZWxldGVPbGRUb2tlbnMvT0RhdTZzNU4tVFk [none]
[debug] [2024-01-29T01:51:57.462Z] <<< [apiv2][status] GET https://cloudfunctions.googleapis.com/v1/operations/Y29kYWdvdGNoaS91cy1jZW50cmFsMS9kZWxldGVPbGRUb2tlbnMvT0RhdTZzNU4tVFk 200
[debug] [2024-01-29T01:51:57.462Z] <<< [apiv2][body] GET https://cloudfunctions.googleapis.com/v1/operations/Y29kYWdvdGNoaS91cy1jZW50cmFsMS9kZWxldGVPbGRUb2tlbnMvT0RhdTZzNU4tVFk {"name":"operations/Y29kYWdvdGNoaS91cy1jZW50cmFsMS9kZWxldGVPbGRUb2tlbnMvT0RhdTZzNU4tVFk","metadata":{"@type":"type.googleapis.com/google.cloud.functions.v1.OperationMetadataV1","target":"projects/codagotchi/locations/us-central1/functions/deleteOldTokens","type":"UPDATE_FUNCTION","request":{"@type":"type.googleapis.com/google.cloud.functions.v1.CloudFunction","name":"projects/codagotchi/locations/us-central1/functions/deleteOldTokens","eventTrigger":{"eventType":"google.pubsub.topic.publish","resource":"projects/codagotchi/topics/firebase-schedule-deleteOldTokens-us-central1","service":"pubsub.googleapis.com","failurePolicy":{}},"status":"ACTIVE","entryPoint":"deleteOldTokens","updateTime":"2024-01-29T01:43:00.732Z","versionId":"5","labels":{"deployment-tool":"cli-firebase","deployment-scheduled":"true","firebase-functions-hash":"2c6ac6b6bba94aa7b5692077c78304c095712f12"},"sourceUploadUrl":"https://storage.googleapis.com/uploads-747597282617.us-central1.cloudfunctions.appspot.com/bf796084-b0ee-48f2-bbb4-7caf153beea9.zip?GoogleAccessId=service-906441550178@gcf-admin-robot.iam.gserviceaccount.com&Expires=1706494912&Signature=RWPqtTK8vHISX36Ks1%2BLEuqjN2e5V%2FWoiEfIslKmM6%2BSlh%2F2poofmcy16WQlHDJmim8snES4qN9sllExOlqjlyZE1XSYYFu7rQvqfvxlnZcOARq%2FlzUciXH%2F%2FZR2tV6kkU5YUO8Eq7NSEFII%2BImk%2FI8fldcTZtIfH93rnhX9lHUw%2B5flEGFmkajSbIuDuO2xe6BZJO%2FmfU537WSqY4HvnfaJthmPCcGaV37A8gYaLTLhA19juJpcRQMXBUP9Uzstk70LmEnuBZHu9XdGT2GMeD9cLC0oRJEvzn04tyf2UKoS9aO6BCq3G2UQRFztv6ffFVVRF92sx%2BWh1AIfDXIkiQ%3D%3D","environmentVariables":{"FIREBASE_CONFIG":"{\"projectId\":\"codagotchi\",\"databaseURL\":\"https://codagotchi-default-rtdb.firebaseio.com\",\"storageBucket\":\"codagotchi.appspot.com\"}","GCLOUD_PROJECT":"codagotchi","EVENTARC_CLOUD_EVENT_SOURCE":"projects/codagotchi/locations/us-central1/functions/deleteOldTokens"},"runtime":"nodejs20","buildId":"c1195639-8d30-4af3-9c6a-80a7f27eefbd","buildEnvironmentVariables":{"GOOGLE_NODE_RUN_SCRIPTS":""},"buildName":"projects/906441550178/locations/us-central1/builds/c1195639-8d30-4af3-9c6a-80a7f27eefbd","dockerRegistry":"ARTIFACT_REGISTRY","automaticUpdatePolicy":{}},"versionId":"6","updateTime":"2024-01-29T01:51:53Z","buildId":"a6ac5b0a-f21e-44f9-91cc-5a1055a51bc7","buildName":"projects/906441550178/locations/us-central1/builds/a6ac5b0a-f21e-44f9-91cc-5a1055a51bc7"}}
[debug] [2024-01-29T01:52:01.465Z] [update-default-us-central1-deleteOldTokens] Retrying task index 0
[debug] [2024-01-29T01:52:01.465Z] >>> [apiv2][query] GET https://cloudfunctions.googleapis.com/v1/operations/Y29kYWdvdGNoaS91cy1jZW50cmFsMS9kZWxldGVPbGRUb2tlbnMvT0RhdTZzNU4tVFk [none]
[debug] [2024-01-29T01:52:01.573Z] <<< [apiv2][status] GET https://cloudfunctions.googleapis.com/v1/operations/Y29kYWdvdGNoaS91cy1jZW50cmFsMS9kZWxldGVPbGRUb2tlbnMvT0RhdTZzNU4tVFk 200
[debug] [2024-01-29T01:52:01.573Z] <<< [apiv2][body] GET https://cloudfunctions.googleapis.com/v1/operations/Y29kYWdvdGNoaS91cy1jZW50cmFsMS9kZWxldGVPbGRUb2tlbnMvT0RhdTZzNU4tVFk {"name":"operations/Y29kYWdvdGNoaS91cy1jZW50cmFsMS9kZWxldGVPbGRUb2tlbnMvT0RhdTZzNU4tVFk","metadata":{"@type":"type.googleapis.com/google.cloud.functions.v1.OperationMetadataV1","target":"projects/codagotchi/locations/us-central1/functions/deleteOldTokens","type":"UPDATE_FUNCTION","request":{"@type":"type.googleapis.com/google.cloud.functions.v1.CloudFunction","name":"projects/codagotchi/locations/us-central1/functions/deleteOldTokens","eventTrigger":{"eventType":"google.pubsub.topic.publish","resource":"projects/codagotchi/topics/firebase-schedule-deleteOldTokens-us-central1","service":"pubsub.googleapis.com","failurePolicy":{}},"status":"ACTIVE","entryPoint":"deleteOldTokens","updateTime":"2024-01-29T01:43:00.732Z","versionId":"5","labels":{"deployment-tool":"cli-firebase","deployment-scheduled":"true","firebase-functions-hash":"2c6ac6b6bba94aa7b5692077c78304c095712f12"},"sourceUploadUrl":"https://storage.googleapis.com/uploads-747597282617.us-central1.cloudfunctions.appspot.com/bf796084-b0ee-48f2-bbb4-7caf153beea9.zip?GoogleAccessId=service-906441550178@gcf-admin-robot.iam.gserviceaccount.com&Expires=1706494912&Signature=RWPqtTK8vHISX36Ks1%2BLEuqjN2e5V%2FWoiEfIslKmM6%2BSlh%2F2poofmcy16WQlHDJmim8snES4qN9sllExOlqjlyZE1XSYYFu7rQvqfvxlnZcOARq%2FlzUciXH%2F%2FZR2tV6kkU5YUO8Eq7NSEFII%2BImk%2FI8fldcTZtIfH93rnhX9lHUw%2B5flEGFmkajSbIuDuO2xe6BZJO%2FmfU537WSqY4HvnfaJthmPCcGaV37A8gYaLTLhA19juJpcRQMXBUP9Uzstk70LmEnuBZHu9XdGT2GMeD9cLC0oRJEvzn04tyf2UKoS9aO6BCq3G2UQRFztv6ffFVVRF92sx%2BWh1AIfDXIkiQ%3D%3D","environmentVariables":{"FIREBASE_CONFIG":"{\"projectId\":\"codagotchi\",\"databaseURL\":\"https://codagotchi-default-rtdb.firebaseio.com\",\"storageBucket\":\"codagotchi.appspot.com\"}","GCLOUD_PROJECT":"codagotchi","EVENTARC_CLOUD_EVENT_SOURCE":"projects/codagotchi/locations/us-central1/functions/deleteOldTokens"},"runtime":"nodejs20","buildId":"c1195639-8d30-4af3-9c6a-80a7f27eefbd","buildEnvironmentVariables":{"GOOGLE_NODE_RUN_SCRIPTS":""},"buildName":"projects/906441550178/locations/us-central1/builds/c1195639-8d30-4af3-9c6a-80a7f27eefbd","dockerRegistry":"ARTIFACT_REGISTRY","automaticUpdatePolicy":{}},"versionId":"6","updateTime":"2024-01-29T01:51:53Z","buildId":"a6ac5b0a-f21e-44f9-91cc-5a1055a51bc7","buildName":"projects/906441550178/locations/us-central1/builds/a6ac5b0a-f21e-44f9-91cc-5a1055a51bc7"}}
[debug] [2024-01-29T01:52:09.574Z] [update-default-us-central1-deleteOldTokens] Retrying task index 0
[debug] [2024-01-29T01:52:09.575Z] >>> [apiv2][query] GET https://cloudfunctions.googleapis.com/v1/operations/Y29kYWdvdGNoaS91cy1jZW50cmFsMS9kZWxldGVPbGRUb2tlbnMvT0RhdTZzNU4tVFk [none]
[debug] [2024-01-29T01:52:09.735Z] <<< [apiv2][status] GET https://cloudfunctions.googleapis.com/v1/operations/Y29kYWdvdGNoaS91cy1jZW50cmFsMS9kZWxldGVPbGRUb2tlbnMvT0RhdTZzNU4tVFk 200
[debug] [2024-01-29T01:52:09.735Z] <<< [apiv2][body] GET https://cloudfunctions.googleapis.com/v1/operations/Y29kYWdvdGNoaS91cy1jZW50cmFsMS9kZWxldGVPbGRUb2tlbnMvT0RhdTZzNU4tVFk {"name":"operations/Y29kYWdvdGNoaS91cy1jZW50cmFsMS9kZWxldGVPbGRUb2tlbnMvT0RhdTZzNU4tVFk","metadata":{"@type":"type.googleapis.com/google.cloud.functions.v1.OperationMetadataV1","target":"projects/codagotchi/locations/us-central1/functions/deleteOldTokens","type":"UPDATE_FUNCTION","request":{"@type":"type.googleapis.com/google.cloud.functions.v1.CloudFunction","name":"projects/codagotchi/locations/us-central1/functions/deleteOldTokens","eventTrigger":{"eventType":"google.pubsub.topic.publish","resource":"projects/codagotchi/topics/firebase-schedule-deleteOldTokens-us-central1","service":"pubsub.googleapis.com","failurePolicy":{}},"status":"ACTIVE","entryPoint":"deleteOldTokens","updateTime":"2024-01-29T01:43:00.732Z","versionId":"5","labels":{"deployment-tool":"cli-firebase","deployment-scheduled":"true","firebase-functions-hash":"2c6ac6b6bba94aa7b5692077c78304c095712f12"},"sourceUploadUrl":"https://storage.googleapis.com/uploads-747597282617.us-central1.cloudfunctions.appspot.com/bf796084-b0ee-48f2-bbb4-7caf153beea9.zip?GoogleAccessId=service-906441550178@gcf-admin-robot.iam.gserviceaccount.com&Expires=1706494912&Signature=RWPqtTK8vHISX36Ks1%2BLEuqjN2e5V%2FWoiEfIslKmM6%2BSlh%2F2poofmcy16WQlHDJmim8snES4qN9sllExOlqjlyZE1XSYYFu7rQvqfvxlnZcOARq%2FlzUciXH%2F%2FZR2tV6kkU5YUO8Eq7NSEFII%2BImk%2FI8fldcTZtIfH93rnhX9lHUw%2B5flEGFmkajSbIuDuO2xe6BZJO%2FmfU537WSqY4HvnfaJthmPCcGaV37A8gYaLTLhA19juJpcRQMXBUP9Uzstk70LmEnuBZHu9XdGT2GMeD9cLC0oRJEvzn04tyf2UKoS9aO6BCq3G2UQRFztv6ffFVVRF92sx%2BWh1AIfDXIkiQ%3D%3D","environmentVariables":{"FIREBASE_CONFIG":"{\"projectId\":\"codagotchi\",\"databaseURL\":\"https://codagotchi-default-rtdb.firebaseio.com\",\"storageBucket\":\"codagotchi.appspot.com\"}","GCLOUD_PROJECT":"codagotchi","EVENTARC_CLOUD_EVENT_SOURCE":"projects/codagotchi/locations/us-central1/functions/deleteOldTokens"},"runtime":"nodejs20","buildId":"c1195639-8d30-4af3-9c6a-80a7f27eefbd","buildEnvironmentVariables":{"GOOGLE_NODE_RUN_SCRIPTS":""},"buildName":"projects/906441550178/locations/us-central1/builds/c1195639-8d30-4af3-9c6a-80a7f27eefbd","dockerRegistry":"ARTIFACT_REGISTRY","automaticUpdatePolicy":{}},"versionId":"6","updateTime":"2024-01-29T01:51:53Z","buildId":"a6ac5b0a-f21e-44f9-91cc-5a1055a51bc7","buildName":"projects/906441550178/locations/us-central1/builds/a6ac5b0a-f21e-44f9-91cc-5a1055a51bc7"}}
[debug] [2024-01-29T01:52:19.737Z] [update-default-us-central1-deleteOldTokens] Retrying task index 0
[debug] [2024-01-29T01:52:19.737Z] >>> [apiv2][query] GET https://cloudfunctions.googleapis.com/v1/operations/Y29kYWdvdGNoaS91cy1jZW50cmFsMS9kZWxldGVPbGRUb2tlbnMvT0RhdTZzNU4tVFk [none]
[debug] [2024-01-29T01:52:19.883Z] <<< [apiv2][status] GET https://cloudfunctions.googleapis.com/v1/operations/Y29kYWdvdGNoaS91cy1jZW50cmFsMS9kZWxldGVPbGRUb2tlbnMvT0RhdTZzNU4tVFk 200
[debug] [2024-01-29T01:52:19.883Z] <<< [apiv2][body] GET https://cloudfunctions.googleapis.com/v1/operations/Y29kYWdvdGNoaS91cy1jZW50cmFsMS9kZWxldGVPbGRUb2tlbnMvT0RhdTZzNU4tVFk {"name":"operations/Y29kYWdvdGNoaS91cy1jZW50cmFsMS9kZWxldGVPbGRUb2tlbnMvT0RhdTZzNU4tVFk","metadata":{"@type":"type.googleapis.com/google.cloud.functions.v1.OperationMetadataV1","target":"projects/codagotchi/locations/us-central1/functions/deleteOldTokens","type":"UPDATE_FUNCTION","request":{"@type":"type.googleapis.com/google.cloud.functions.v1.CloudFunction","name":"projects/codagotchi/locations/us-central1/functions/deleteOldTokens","eventTrigger":{"eventType":"google.pubsub.topic.publish","resource":"projects/codagotchi/topics/firebase-schedule-deleteOldTokens-us-central1","service":"pubsub.googleapis.com","failurePolicy":{}},"status":"ACTIVE","entryPoint":"deleteOldTokens","updateTime":"2024-01-29T01:43:00.732Z","versionId":"5","labels":{"deployment-tool":"cli-firebase","deployment-scheduled":"true","firebase-functions-hash":"2c6ac6b6bba94aa7b5692077c78304c095712f12"},"sourceUploadUrl":"https://storage.googleapis.com/uploads-747597282617.us-central1.cloudfunctions.appspot.com/bf796084-b0ee-48f2-bbb4-7caf153beea9.zip?GoogleAccessId=service-906441550178@gcf-admin-robot.iam.gserviceaccount.com&Expires=1706494912&Signature=RWPqtTK8vHISX36Ks1%2BLEuqjN2e5V%2FWoiEfIslKmM6%2BSlh%2F2poofmcy16WQlHDJmim8snES4qN9sllExOlqjlyZE1XSYYFu7rQvqfvxlnZcOARq%2FlzUciXH%2F%2FZR2tV6kkU5YUO8Eq7NSEFII%2BImk%2FI8fldcTZtIfH93rnhX9lHUw%2B5flEGFmkajSbIuDuO2xe6BZJO%2FmfU537WSqY4HvnfaJthmPCcGaV37A8gYaLTLhA19juJpcRQMXBUP9Uzstk70LmEnuBZHu9XdGT2GMeD9cLC0oRJEvzn04tyf2UKoS9aO6BCq3G2UQRFztv6ffFVVRF92sx%2BWh1AIfDXIkiQ%3D%3D","environmentVariables":{"FIREBASE_CONFIG":"{\"projectId\":\"codagotchi\",\"databaseURL\":\"https://codagotchi-default-rtdb.firebaseio.com\",\"storageBucket\":\"codagotchi.appspot.com\"}","GCLOUD_PROJECT":"codagotchi","EVENTARC_CLOUD_EVENT_SOURCE":"projects/codagotchi/locations/us-central1/functions/deleteOldTokens"},"runtime":"nodejs20","buildId":"c1195639-8d30-4af3-9c6a-80a7f27eefbd","buildEnvironmentVariables":{"GOOGLE_NODE_RUN_SCRIPTS":""},"buildName":"projects/906441550178/locations/us-central1/builds/c1195639-8d30-4af3-9c6a-80a7f27eefbd","dockerRegistry":"ARTIFACT_REGISTRY","automaticUpdatePolicy":{}},"versionId":"6","updateTime":"2024-01-29T01:51:53Z","buildId":"a6ac5b0a-f21e-44f9-91cc-5a1055a51bc7","buildName":"projects/906441550178/locations/us-central1/builds/a6ac5b0a-f21e-44f9-91cc-5a1055a51bc7"}}
