[debug] [2024-03-12T20:39:13.454Z] ----------------------------------------------------------------------
[debug] [2024-03-12T20:39:13.455Z] Command:       /opt/homebrew/Cellar/node/21.6.1/bin/node /opt/homebrew/bin/firebase deploy
[debug] [2024-03-12T20:39:13.455Z] CLI Version:   13.1.0
[debug] [2024-03-12T20:39:13.455Z] Platform:      darwin
[debug] [2024-03-12T20:39:13.455Z] Node Version:  v21.6.1
[debug] [2024-03-12T20:39:13.455Z] Time:          Tue Mar 12 2024 16:39:13 GMT-0400 (Eastern Daylight Time)
[debug] [2024-03-12T20:39:13.456Z] ----------------------------------------------------------------------
[debug] 
[debug] [2024-03-12T20:39:13.456Z] >>> [apiv2][query] GET https://firebase-public.firebaseio.com/cli.json [none]
[debug] [2024-03-12T20:39:13.495Z] > command requires scopes: ["email","openid","https://www.googleapis.com/auth/cloudplatformprojects.readonly","https://www.googleapis.com/auth/firebase","https://www.googleapis.com/auth/cloud-platform"]
[debug] [2024-03-12T20:39:13.496Z] > authorizing via signed-in user (alimneedstowork@gmail.com)
[debug] [2024-03-12T20:39:13.496Z] [iam] checking project codagotchi for permissions ["cloudfunctions.functions.create","cloudfunctions.functions.delete","cloudfunctions.functions.get","cloudfunctions.functions.list","cloudfunctions.functions.update","cloudfunctions.operations.get","firebase.projects.get"]
[debug] [2024-03-12T20:39:13.496Z] > refreshing access token with scopes: []
[debug] [2024-03-12T20:39:13.496Z] >>> [apiv2][query] POST https://www.googleapis.com/oauth2/v3/token [none]
[debug] [2024-03-12T20:39:13.496Z] >>> [apiv2][body] POST https://www.googleapis.com/oauth2/v3/token [omitted]
[debug] [2024-03-12T20:39:13.580Z] <<< [apiv2][status] GET https://firebase-public.firebaseio.com/cli.json 200
[debug] [2024-03-12T20:39:13.581Z] <<< [apiv2][body] GET https://firebase-public.firebaseio.com/cli.json {"cloudBuildErrorAfter":1594252800000,"cloudBuildWarnAfter":1590019200000,"defaultNode10After":1594252800000,"minVersion":"3.0.5","node8DeploysDisabledAfter":1613390400000,"node8RuntimeDisabledAfter":1615809600000,"node8WarnAfter":1600128000000}
[debug] [2024-03-12T20:39:13.608Z] <<< [apiv2][status] POST https://www.googleapis.com/oauth2/v3/token 200
[debug] [2024-03-12T20:39:13.608Z] <<< [apiv2][body] POST https://www.googleapis.com/oauth2/v3/token [omitted]
[debug] [2024-03-12T20:39:13.618Z] >>> [apiv2][query] POST https://cloudresourcemanager.googleapis.com/v1/projects/codagotchi:testIamPermissions [none]
[debug] [2024-03-12T20:39:13.619Z] >>> [apiv2][(partial)header] POST https://cloudresourcemanager.googleapis.com/v1/projects/codagotchi:testIamPermissions x-goog-quota-user=projects/codagotchi
[debug] [2024-03-12T20:39:13.619Z] >>> [apiv2][body] POST https://cloudresourcemanager.googleapis.com/v1/projects/codagotchi:testIamPermissions {"permissions":["cloudfunctions.functions.create","cloudfunctions.functions.delete","cloudfunctions.functions.get","cloudfunctions.functions.list","cloudfunctions.functions.update","cloudfunctions.operations.get","firebase.projects.get"]}
[debug] [2024-03-12T20:39:13.816Z] <<< [apiv2][status] POST https://cloudresourcemanager.googleapis.com/v1/projects/codagotchi:testIamPermissions 200
[debug] [2024-03-12T20:39:13.816Z] <<< [apiv2][body] POST https://cloudresourcemanager.googleapis.com/v1/projects/codagotchi:testIamPermissions {"permissions":["cloudfunctions.functions.create","cloudfunctions.functions.delete","cloudfunctions.functions.get","cloudfunctions.functions.list","cloudfunctions.functions.update","cloudfunctions.operations.get","firebase.projects.get"]}
[debug] [2024-03-12T20:39:13.817Z] >>> [apiv2][query] POST https://iam.googleapis.com/v1/projects/codagotchi/serviceAccounts/codagotchi@appspot.gserviceaccount.com:testIamPermissions [none]
[debug] [2024-03-12T20:39:13.817Z] >>> [apiv2][body] POST https://iam.googleapis.com/v1/projects/codagotchi/serviceAccounts/codagotchi@appspot.gserviceaccount.com:testIamPermissions {"permissions":["iam.serviceAccounts.actAs"]}
[debug] [2024-03-12T20:39:14.103Z] <<< [apiv2][status] POST https://iam.googleapis.com/v1/projects/codagotchi/serviceAccounts/codagotchi@appspot.gserviceaccount.com:testIamPermissions 200
[debug] [2024-03-12T20:39:14.104Z] <<< [apiv2][body] POST https://iam.googleapis.com/v1/projects/codagotchi/serviceAccounts/codagotchi@appspot.gserviceaccount.com:testIamPermissions {"permissions":["iam.serviceAccounts.actAs"]}
[info] 
[info] === Deploying to 'codagotchi'...
[info] 
[info] i  deploying functions 
[debug] [2024-03-12T20:39:14.108Z] >>> [apiv2][query] GET https://firebase.googleapis.com/v1beta1/projects/codagotchi [none]
[debug] [2024-03-12T20:39:14.440Z] <<< [apiv2][status] GET https://firebase.googleapis.com/v1beta1/projects/codagotchi 200
[debug] [2024-03-12T20:39:14.441Z] <<< [apiv2][body] GET https://firebase.googleapis.com/v1beta1/projects/codagotchi {"projectId":"codagotchi","projectNumber":"906441550178","displayName":"Codagotchi","name":"projects/codagotchi","resources":{"hostingSite":"codagotchi","realtimeDatabaseInstance":"codagotchi-default-rtdb"},"state":"ACTIVE","etag":"1_74027fe9-819b-4fd9-a987-fb87d7580fba"}
[info] i  functions: preparing codebase default for deployment 
[info] i  functions: ensuring required API cloudfunctions.googleapis.com is enabled... 
[info] i  functions: ensuring required API cloudbuild.googleapis.com is enabled... 
[info] i  artifactregistry: ensuring required API artifactregistry.googleapis.com is enabled... 
[debug] [2024-03-12T20:39:14.443Z] >>> [apiv2][query] GET https://serviceusage.googleapis.com/v1/projects/codagotchi/services/cloudfunctions.googleapis.com [none]
[debug] [2024-03-12T20:39:14.443Z] >>> [apiv2][(partial)header] GET https://serviceusage.googleapis.com/v1/projects/codagotchi/services/cloudfunctions.googleapis.com x-goog-quota-user=projects/codagotchi
[debug] [2024-03-12T20:39:14.446Z] >>> [apiv2][query] GET https://serviceusage.googleapis.com/v1/projects/codagotchi/services/runtimeconfig.googleapis.com [none]
[debug] [2024-03-12T20:39:14.446Z] >>> [apiv2][(partial)header] GET https://serviceusage.googleapis.com/v1/projects/codagotchi/services/runtimeconfig.googleapis.com x-goog-quota-user=projects/codagotchi
[debug] [2024-03-12T20:39:14.447Z] >>> [apiv2][query] GET https://serviceusage.googleapis.com/v1/projects/codagotchi/services/cloudbuild.googleapis.com [none]
[debug] [2024-03-12T20:39:14.447Z] >>> [apiv2][(partial)header] GET https://serviceusage.googleapis.com/v1/projects/codagotchi/services/cloudbuild.googleapis.com x-goog-quota-user=projects/codagotchi
[debug] [2024-03-12T20:39:14.448Z] >>> [apiv2][query] GET https://serviceusage.googleapis.com/v1/projects/codagotchi/services/artifactregistry.googleapis.com [none]
[debug] [2024-03-12T20:39:14.448Z] >>> [apiv2][(partial)header] GET https://serviceusage.googleapis.com/v1/projects/codagotchi/services/artifactregistry.googleapis.com x-goog-quota-user=projects/codagotchi
[debug] [2024-03-12T20:39:14.961Z] <<< [apiv2][status] GET https://serviceusage.googleapis.com/v1/projects/codagotchi/services/artifactregistry.googleapis.com 200
[debug] [2024-03-12T20:39:14.961Z] <<< [apiv2][body] GET https://serviceusage.googleapis.com/v1/projects/codagotchi/services/artifactregistry.googleapis.com [omitted]
[info] ✔  artifactregistry: required API artifactregistry.googleapis.com is enabled 
[debug] [2024-03-12T20:39:14.962Z] <<< [apiv2][status] GET https://serviceusage.googleapis.com/v1/projects/codagotchi/services/cloudfunctions.googleapis.com 200
[debug] [2024-03-12T20:39:14.962Z] <<< [apiv2][body] GET https://serviceusage.googleapis.com/v1/projects/codagotchi/services/cloudfunctions.googleapis.com [omitted]
[info] ✔  functions: required API cloudfunctions.googleapis.com is enabled 
[debug] [2024-03-12T20:39:14.963Z] <<< [apiv2][status] GET https://serviceusage.googleapis.com/v1/projects/codagotchi/services/runtimeconfig.googleapis.com 200
[debug] [2024-03-12T20:39:14.963Z] <<< [apiv2][body] GET https://serviceusage.googleapis.com/v1/projects/codagotchi/services/runtimeconfig.googleapis.com [omitted]
[debug] [2024-03-12T20:39:14.963Z] <<< [apiv2][status] GET https://serviceusage.googleapis.com/v1/projects/codagotchi/services/cloudbuild.googleapis.com 200
[debug] [2024-03-12T20:39:14.963Z] <<< [apiv2][body] GET https://serviceusage.googleapis.com/v1/projects/codagotchi/services/cloudbuild.googleapis.com [omitted]
[info] ✔  functions: required API cloudbuild.googleapis.com is enabled 
[debug] [2024-03-12T20:39:14.964Z] >>> [apiv2][query] GET https://firebase.googleapis.com/v1beta1/projects/codagotchi/adminSdkConfig [none]
[debug] [2024-03-12T20:39:15.194Z] <<< [apiv2][status] GET https://firebase.googleapis.com/v1beta1/projects/codagotchi/adminSdkConfig 200
[debug] [2024-03-12T20:39:15.195Z] <<< [apiv2][body] GET https://firebase.googleapis.com/v1beta1/projects/codagotchi/adminSdkConfig {"projectId":"codagotchi","databaseURL":"https://codagotchi-default-rtdb.firebaseio.com","storageBucket":"codagotchi.appspot.com"}
[debug] [2024-03-12T20:39:15.196Z] >>> [apiv2][query] GET https://runtimeconfig.googleapis.com/v1beta1/projects/codagotchi/configs [none]
[debug] [2024-03-12T20:39:15.486Z] <<< [apiv2][status] GET https://runtimeconfig.googleapis.com/v1beta1/projects/codagotchi/configs 200
[debug] [2024-03-12T20:39:15.486Z] <<< [apiv2][body] GET https://runtimeconfig.googleapis.com/v1beta1/projects/codagotchi/configs {"configs":[{"name":"projects/codagotchi/configs/github"}]}
[debug] [2024-03-12T20:39:15.486Z] >>> [apiv2][query] GET https://runtimeconfig.googleapis.com/v1beta1/projects/codagotchi/configs/github/variables [none]
[debug] [2024-03-12T20:39:15.620Z] <<< [apiv2][status] GET https://runtimeconfig.googleapis.com/v1beta1/projects/codagotchi/configs/github/variables 200
[debug] [2024-03-12T20:39:15.621Z] <<< [apiv2][body] GET https://runtimeconfig.googleapis.com/v1beta1/projects/codagotchi/configs/github/variables {"variables":[{"name":"projects/codagotchi/configs/github/variables/client_secret","updateTime":"2023-10-31T21:55:10.649448089Z"}]}
[debug] [2024-03-12T20:39:15.621Z] >>> [apiv2][query] GET https://runtimeconfig.googleapis.com/v1beta1/projects/codagotchi/configs/github/variables/client_secret [none]
[debug] [2024-03-12T20:39:15.742Z] <<< [apiv2][status] GET https://runtimeconfig.googleapis.com/v1beta1/projects/codagotchi/configs/github/variables/client_secret 200
[debug] [2024-03-12T20:39:15.742Z] <<< [apiv2][body] GET https://runtimeconfig.googleapis.com/v1beta1/projects/codagotchi/configs/github/variables/client_secret {"name":"projects/codagotchi/configs/github/variables/client_secret","updateTime":"2023-10-31T21:55:10.649448089Z","text":"aacf32919ccc5a53a3c2d441f02df98ec0a926de"}
[debug] [2024-03-12T20:39:15.744Z] Validating nodejs source
[warn] ⚠  functions: package.json indicates an outdated version of firebase-functions. Please upgrade using npm install --save firebase-functions@latest in your functions directory. 
[debug] [2024-03-12T20:39:16.077Z] > [functions] package.json contents: {
  "name": "functions",
  "type": "module",
  "description": "Cloud Functions for Firebase",
  "scripts": {
    "serve": "firebase emulators:start --only functions",
    "shell": "firebase functions:shell",
    "start": "npm run shell",
    "deploy": "firebase deploy --only functions",
    "logs": "firebase functions:log"
  },
  "engines": {
    "node": "20"
  },
  "main": "index.js",
  "dependencies": {
    "axios": "^1.6.7",
    "firebase-admin": "^11.8.0",
    "firebase-functions": "^4.7.0"
  },
  "devDependencies": {
    "firebase-functions-test": "^3.1.0"
  },
  "private": true
}
[debug] [2024-03-12T20:39:16.077Z] Building nodejs source
[info] i  functions: Loading and analyzing source code for codebase default to determine what to deploy 
[debug] [2024-03-12T20:39:16.077Z] Could not find functions.yaml. Must use http discovery
[debug] [2024-03-12T20:39:16.080Z] Found firebase-functions binary at '/Users/alim/Documents/GitHub/codagotchi/functions/node_modules/.bin/firebase-functions'
[info] Serving at port 8495

[debug] [2024-03-12T20:39:16.362Z] Got response from /__/functions.yaml {"endpoints":{"deleteOldTokens":{"platform":"gcfv1","availableMemoryMb":null,"timeoutSeconds":null,"minInstances":null,"maxInstances":null,"ingressSettings":null,"serviceAccountEmail":null,"vpc":null,"scheduleTrigger":{"schedule":"0 0 * * *","retryConfig":{"retryCount":null,"maxDoublings":null,"maxRetryDuration":null,"maxBackoffDuration":null,"minBackoffDuration":null},"timeZone":"America/Los_Angeles"},"labels":{},"entryPoint":"deleteOldTokens"},"handleFriendRequest":{"platform":"gcfv1","labels":{},"availableMemoryMb":null,"timeoutSeconds":null,"minInstances":null,"maxInstances":null,"ingressSettings":null,"serviceAccountEmail":null,"vpc":null,"callableTrigger":{},"entryPoint":"handleFriendRequest"},"handleGitHubRedirect":{"platform":"gcfv1","availableMemoryMb":null,"timeoutSeconds":null,"minInstances":null,"maxInstances":null,"ingressSettings":null,"serviceAccountEmail":null,"vpc":null,"httpsTrigger":{},"entryPoint":"handleGitHubRedirect"},"removeFriend":{"platform":"gcfv1","labels":{},"availableMemoryMb":null,"timeoutSeconds":null,"minInstances":null,"maxInstances":null,"ingressSettings":null,"serviceAccountEmail":null,"vpc":null,"callableTrigger":{},"entryPoint":"removeFriend"},"searchUsers":{"platform":"gcfv1","labels":{},"availableMemoryMb":null,"timeoutSeconds":null,"minInstances":null,"maxInstances":null,"ingressSettings":null,"serviceAccountEmail":null,"vpc":null,"callableTrigger":{},"entryPoint":"searchUsers"},"sendFriendRequest":{"platform":"gcfv1","labels":{},"availableMemoryMb":null,"timeoutSeconds":null,"minInstances":null,"maxInstances":null,"ingressSettings":null,"serviceAccountEmail":null,"vpc":null,"callableTrigger":{},"entryPoint":"sendFriendRequest"}},"specVersion":"v1alpha1","requiredAPIs":[{"api":"cloudscheduler.googleapis.com","reason":"Needed for scheduled functions."}]}
[info] i  functions: preparing functions directory for uploading... 
[info] i  functions: packaged /Users/alim/Documents/GitHub/codagotchi/functions (75.11 KB) for uploading 
[debug] [2024-03-12T20:39:21.416Z] >>> [apiv2][query] GET https://cloudfunctions.googleapis.com/v1/projects/codagotchi/locations/-/functions [none]
[debug] [2024-03-12T20:39:21.894Z] <<< [apiv2][status] GET https://cloudfunctions.googleapis.com/v1/projects/codagotchi/locations/-/functions 200
[debug] [2024-03-12T20:39:21.894Z] <<< [apiv2][body] GET https://cloudfunctions.googleapis.com/v1/projects/codagotchi/locations/-/functions {"functions":[{"name":"projects/codagotchi/locations/us-central1/functions/deleteOldTokens","eventTrigger":{"eventType":"google.pubsub.topic.publish","resource":"projects/codagotchi/topics/firebase-schedule-deleteOldTokens-us-central1","service":"pubsub.googleapis.com","failurePolicy":{}},"status":"ACTIVE","entryPoint":"deleteOldTokens","timeout":"60s","availableMemoryMb":256,"serviceAccountEmail":"codagotchi@appspot.gserviceaccount.com","updateTime":"2024-02-17T22:24:41.680Z","versionId":"16","labels":{"deployment-tool":"cli-firebase","deployment-scheduled":"true","firebase-functions-hash":"991515fa2984f01874f573142ce1ab02199eb6ab"},"sourceUploadUrl":"https://storage.googleapis.com/uploads-747597282617.us-central1.cloudfunctions.appspot.com/a4a68639-04bb-41d4-a2ac-27d090ec9160.zip","environmentVariables":{"FIREBASE_CONFIG":"{\"projectId\":\"codagotchi\",\"databaseURL\":\"https://codagotchi-default-rtdb.firebaseio.com\",\"storageBucket\":\"codagotchi.appspot.com\"}","GCLOUD_PROJECT":"codagotchi","EVENTARC_CLOUD_EVENT_SOURCE":"projects/codagotchi/locations/us-central1/functions/deleteOldTokens"},"runtime":"nodejs20","maxInstances":3000,"ingressSettings":"ALLOW_ALL","buildId":"b5f343e2-f9c6-4197-9167-15b684b2bb1b","buildEnvironmentVariables":{"GOOGLE_NODE_RUN_SCRIPTS":""},"buildName":"projects/906441550178/locations/us-central1/builds/b5f343e2-f9c6-4197-9167-15b684b2bb1b","dockerRegistry":"ARTIFACT_REGISTRY","automaticUpdatePolicy":{}},{"name":"projects/codagotchi/locations/us-central1/functions/handleFriendRequest","httpsTrigger":{"url":"https://us-central1-codagotchi.cloudfunctions.net/handleFriendRequest","securityLevel":"SECURE_ALWAYS"},"status":"ACTIVE","entryPoint":"handleFriendRequest","timeout":"60s","availableMemoryMb":256,"serviceAccountEmail":"codagotchi@appspot.gserviceaccount.com","updateTime":"2024-02-17T22:24:51.987Z","versionId":"15","labels":{"deployment-tool":"cli-firebase","deployment-callable":"true","firebase-functions-hash":"991515fa2984f01874f573142ce1ab02199eb6ab"},"sourceUploadUrl":"https://storage.googleapis.com/uploads-747597282617.us-central1.cloudfunctions.appspot.com/a4a68639-04bb-41d4-a2ac-27d090ec9160.zip","environmentVariables":{"FIREBASE_CONFIG":"{\"projectId\":\"codagotchi\",\"databaseURL\":\"https://codagotchi-default-rtdb.firebaseio.com\",\"storageBucket\":\"codagotchi.appspot.com\"}","GCLOUD_PROJECT":"codagotchi","EVENTARC_CLOUD_EVENT_SOURCE":"projects/codagotchi/locations/us-central1/functions/handleFriendRequest"},"runtime":"nodejs20","ingressSettings":"ALLOW_ALL","buildId":"b5f343e2-f9c6-4197-9167-15b684b2bb1b","buildEnvironmentVariables":{"GOOGLE_NODE_RUN_SCRIPTS":""},"buildName":"projects/906441550178/locations/us-central1/builds/b5f343e2-f9c6-4197-9167-15b684b2bb1b","dockerRegistry":"ARTIFACT_REGISTRY","automaticUpdatePolicy":{}},{"name":"projects/codagotchi/locations/us-central1/functions/handleGitHubRedirect","httpsTrigger":{"url":"https://us-central1-codagotchi.cloudfunctions.net/handleGitHubRedirect","securityLevel":"SECURE_ALWAYS"},"status":"ACTIVE","entryPoint":"handleGitHubRedirect","timeout":"60s","availableMemoryMb":256,"serviceAccountEmail":"codagotchi@appspot.gserviceaccount.com","updateTime":"2024-02-17T22:24:51.312Z","versionId":"15","labels":{"deployment-tool":"cli-firebase","firebase-functions-hash":"991515fa2984f01874f573142ce1ab02199eb6ab"},"sourceUploadUrl":"https://storage.googleapis.com/uploads-747597282617.us-central1.cloudfunctions.appspot.com/a4a68639-04bb-41d4-a2ac-27d090ec9160.zip","environmentVariables":{"FIREBASE_CONFIG":"{\"projectId\":\"codagotchi\",\"databaseURL\":\"https://codagotchi-default-rtdb.firebaseio.com\",\"storageBucket\":\"codagotchi.appspot.com\"}","GCLOUD_PROJECT":"codagotchi","EVENTARC_CLOUD_EVENT_SOURCE":"projects/codagotchi/locations/us-central1/functions/handleGitHubRedirect"},"runtime":"nodejs20","ingressSettings":"ALLOW_ALL","buildId":"b5f343e2-f9c6-4197-9167-15b684b2bb1b","buildEnvironmentVariables":{"GOOGLE_NODE_RUN_SCRIPTS":""},"buildName":"projects/906441550178/locations/us-central1/builds/b5f343e2-f9c6-4197-9167-15b684b2bb1b","dockerRegistry":"ARTIFACT_REGISTRY","automaticUpdatePolicy":{}},{"name":"projects/codagotchi/locations/us-central1/functions/removeFriend","httpsTrigger":{"url":"https://us-central1-codagotchi.cloudfunctions.net/removeFriend","securityLevel":"SECURE_ALWAYS"},"status":"ACTIVE","entryPoint":"removeFriend","timeout":"60s","availableMemoryMb":256,"serviceAccountEmail":"codagotchi@appspot.gserviceaccount.com","updateTime":"2024-02-17T22:24:50.485Z","versionId":"12","labels":{"deployment-tool":"cli-firebase","deployment-callable":"true","firebase-functions-hash":"991515fa2984f01874f573142ce1ab02199eb6ab"},"sourceUploadUrl":"https://storage.googleapis.com/uploads-747597282617.us-central1.cloudfunctions.appspot.com/a4a68639-04bb-41d4-a2ac-27d090ec9160.zip","environmentVariables":{"FIREBASE_CONFIG":"{\"projectId\":\"codagotchi\",\"databaseURL\":\"https://codagotchi-default-rtdb.firebaseio.com\",\"storageBucket\":\"codagotchi.appspot.com\"}","GCLOUD_PROJECT":"codagotchi","EVENTARC_CLOUD_EVENT_SOURCE":"projects/codagotchi/locations/us-central1/functions/removeFriend"},"runtime":"nodejs20","ingressSettings":"ALLOW_ALL","buildId":"b5f343e2-f9c6-4197-9167-15b684b2bb1b","buildEnvironmentVariables":{"GOOGLE_NODE_RUN_SCRIPTS":""},"buildName":"projects/906441550178/locations/us-central1/builds/b5f343e2-f9c6-4197-9167-15b684b2bb1b","dockerRegistry":"ARTIFACT_REGISTRY","automaticUpdatePolicy":{}},{"name":"projects/codagotchi/locations/us-central1/functions/searchUsers","httpsTrigger":{"url":"https://us-central1-codagotchi.cloudfunctions.net/searchUsers","securityLevel":"SECURE_ALWAYS"},"status":"ACTIVE","entryPoint":"searchUsers","timeout":"60s","availableMemoryMb":256,"serviceAccountEmail":"codagotchi@appspot.gserviceaccount.com","updateTime":"2024-02-17T22:25:01.602Z","versionId":"15","labels":{"deployment-tool":"cli-firebase","deployment-callable":"true","firebase-functions-hash":"991515fa2984f01874f573142ce1ab02199eb6ab"},"sourceUploadUrl":"https://storage.googleapis.com/uploads-747597282617.us-central1.cloudfunctions.appspot.com/a4a68639-04bb-41d4-a2ac-27d090ec9160.zip","environmentVariables":{"FIREBASE_CONFIG":"{\"projectId\":\"codagotchi\",\"databaseURL\":\"https://codagotchi-default-rtdb.firebaseio.com\",\"storageBucket\":\"codagotchi.appspot.com\"}","GCLOUD_PROJECT":"codagotchi","EVENTARC_CLOUD_EVENT_SOURCE":"projects/codagotchi/locations/us-central1/functions/searchUsers"},"runtime":"nodejs20","ingressSettings":"ALLOW_ALL","buildId":"b5f343e2-f9c6-4197-9167-15b684b2bb1b","buildEnvironmentVariables":{"GOOGLE_NODE_RUN_SCRIPTS":""},"buildName":"projects/906441550178/locations/us-central1/builds/b5f343e2-f9c6-4197-9167-15b684b2bb1b","dockerRegistry":"ARTIFACT_REGISTRY","automaticUpdatePolicy":{}},{"name":"projects/codagotchi/locations/us-central1/functions/sendFriendRequest","httpsTrigger":{"url":"https://us-central1-codagotchi.cloudfunctions.net/sendFriendRequest","securityLevel":"SECURE_ALWAYS"},"status":"ACTIVE","entryPoint":"sendFriendRequest","timeout":"60s","availableMemoryMb":256,"serviceAccountEmail":"codagotchi@appspot.gserviceaccount.com","updateTime":"2024-02-17T22:24:50.809Z","versionId":"15","labels":{"deployment-tool":"cli-firebase","deployment-callable":"true","firebase-functions-hash":"991515fa2984f01874f573142ce1ab02199eb6ab"},"sourceUploadUrl":"https://storage.googleapis.com/uploads-747597282617.us-central1.cloudfunctions.appspot.com/a4a68639-04bb-41d4-a2ac-27d090ec9160.zip","environmentVariables":{"FIREBASE_CONFIG":"{\"projectId\":\"codagotchi\",\"databaseURL\":\"https://codagotchi-default-rtdb.firebaseio.com\",\"storageBucket\":\"codagotchi.appspot.com\"}","GCLOUD_PROJECT":"codagotchi","EVENTARC_CLOUD_EVENT_SOURCE":"projects/codagotchi/locations/us-central1/functions/sendFriendRequest"},"runtime":"nodejs20","ingressSettings":"ALLOW_ALL","buildId":"b5f343e2-f9c6-4197-9167-15b684b2bb1b","buildEnvironmentVariables":{"GOOGLE_NODE_RUN_SCRIPTS":""},"buildName":"projects/906441550178/locations/us-central1/builds/b5f343e2-f9c6-4197-9167-15b684b2bb1b","dockerRegistry":"ARTIFACT_REGISTRY","automaticUpdatePolicy":{}}]}
[debug] [2024-03-12T20:39:21.897Z] >>> [apiv2][query] GET https://cloudfunctions.googleapis.com/v2/projects/codagotchi/locations/-/functions filter=environment%3D%22GEN_2%22
[debug] [2024-03-12T20:39:22.363Z] <<< [apiv2][status] GET https://cloudfunctions.googleapis.com/v2/projects/codagotchi/locations/-/functions 200
[debug] [2024-03-12T20:39:22.363Z] <<< [apiv2][body] GET https://cloudfunctions.googleapis.com/v2/projects/codagotchi/locations/-/functions {}
[info] i  functions: ensuring required API cloudscheduler.googleapis.com is enabled... 
[debug] [2024-03-12T20:39:22.365Z] >>> [apiv2][query] GET https://serviceusage.googleapis.com/v1/projects/codagotchi/services/cloudscheduler.googleapis.com [none]
[debug] [2024-03-12T20:39:22.365Z] >>> [apiv2][(partial)header] GET https://serviceusage.googleapis.com/v1/projects/codagotchi/services/cloudscheduler.googleapis.com x-goog-quota-user=projects/codagotchi
[debug] [2024-03-12T20:39:22.825Z] <<< [apiv2][status] GET https://serviceusage.googleapis.com/v1/projects/codagotchi/services/cloudscheduler.googleapis.com 200
[debug] [2024-03-12T20:39:22.826Z] <<< [apiv2][body] GET https://serviceusage.googleapis.com/v1/projects/codagotchi/services/cloudscheduler.googleapis.com [omitted]
[info] ✔  functions: required API cloudscheduler.googleapis.com is enabled 
[debug] [2024-03-12T20:39:22.828Z] >>> [apiv2][query] GET https://firebase.googleapis.com/v1beta1/projects/codagotchi [none]
[debug] [2024-03-12T20:39:23.129Z] <<< [apiv2][status] GET https://firebase.googleapis.com/v1beta1/projects/codagotchi 200
[debug] [2024-03-12T20:39:23.129Z] <<< [apiv2][body] GET https://firebase.googleapis.com/v1beta1/projects/codagotchi {"projectId":"codagotchi","projectNumber":"906441550178","displayName":"Codagotchi","name":"projects/codagotchi","resources":{"hostingSite":"codagotchi","realtimeDatabaseInstance":"codagotchi-default-rtdb"},"state":"ACTIVE","etag":"1_74027fe9-819b-4fd9-a987-fb87d7580fba"}
[debug] [2024-03-12T20:39:23.132Z] >>> [apiv2][query] POST https://cloudfunctions.googleapis.com/v1/projects/codagotchi/locations/us-central1/functions:generateUploadUrl [none]
[debug] [2024-03-12T20:39:23.132Z] >>> [apiv2][body] POST https://cloudfunctions.googleapis.com/v1/projects/codagotchi/locations/us-central1/functions:generateUploadUrl {}
[debug] [2024-03-12T20:39:23.619Z] <<< [apiv2][status] POST https://cloudfunctions.googleapis.com/v1/projects/codagotchi/locations/us-central1/functions:generateUploadUrl 200
[debug] [2024-03-12T20:39:23.619Z] <<< [apiv2][body] POST https://cloudfunctions.googleapis.com/v1/projects/codagotchi/locations/us-central1/functions:generateUploadUrl {"uploadUrl":"https://storage.googleapis.com/uploads-747597282617.us-central1.cloudfunctions.appspot.com/56a62d76-e0e9-44fb-894c-1e88b8f6da35.zip?GoogleAccessId=service-906441550178@gcf-admin-robot.iam.gserviceaccount.com&Expires=1710277763&Signature=Wz%2BXEVBqTb8jPWwBwLbecbvSJpgLE%2BlUSLTcvDCcE%2BwUEH2ry0qoEHbuCJX%2BrNF%2BUPH%2BFZLPUdNCxeHI%2B09K1vGbgxIUrjuUIavE2AeP0821AVZ8vYparYoF6iu3o%2F8ZwsHSxCPIaARWv8%2FyvaRDGlXipruKg0aEDIBfygKS3JhY0b%2BqYXdRxu8R%2BeqEhjb1A%2Bw081a5tsFahmYQ4xw5kFE9k1sjprnG%2F28G3Th9%2B%2FXJOoyn7PnwJNUcX4qAWzocQRWr49TJhRRvAQ5%2FKtV1JwZifjR%2BSWiuSczhPGFjfEn80F32pr3lmx8KZ9ith45dy5JNk1S8mK2yI48NTANEZA%3D%3D"}
[debug] [2024-03-12T20:39:23.621Z] >>> [apiv2][query] PUT https://storage.googleapis.com/uploads-747597282617.us-central1.cloudfunctions.appspot.com/56a62d76-e0e9-44fb-894c-1e88b8f6da35.zip GoogleAccessId=service-906441550178%40gcf-admin-robot.iam.gserviceaccount.com&Expires=1710277763&Signature=Wz%2BXEVBqTb8jPWwBwLbecbvSJpgLE%2BlUSLTcvDCcE%2BwUEH2ry0qoEHbuCJX%2BrNF%2BUPH%2BFZLPUdNCxeHI%2B09K1vGbgxIUrjuUIavE2AeP0821AVZ8vYparYoF6iu3o%2F8ZwsHSxCPIaARWv8%2FyvaRDGlXipruKg0aEDIBfygKS3JhY0b%2BqYXdRxu8R%2BeqEhjb1A%2Bw081a5tsFahmYQ4xw5kFE9k1sjprnG%2F28G3Th9%2B%2FXJOoyn7PnwJNUcX4qAWzocQRWr49TJhRRvAQ5%2FKtV1JwZifjR%2BSWiuSczhPGFjfEn80F32pr3lmx8KZ9ith45dy5JNk1S8mK2yI48NTANEZA%3D%3D
[debug] [2024-03-12T20:39:23.621Z] >>> [apiv2][body] PUT https://storage.googleapis.com/uploads-747597282617.us-central1.cloudfunctions.appspot.com/56a62d76-e0e9-44fb-894c-1e88b8f6da35.zip [stream]
[debug] [2024-03-12T20:39:23.870Z] <<< [apiv2][status] PUT https://storage.googleapis.com/uploads-747597282617.us-central1.cloudfunctions.appspot.com/56a62d76-e0e9-44fb-894c-1e88b8f6da35.zip 200
[debug] [2024-03-12T20:39:23.870Z] <<< [apiv2][body] PUT https://storage.googleapis.com/uploads-747597282617.us-central1.cloudfunctions.appspot.com/56a62d76-e0e9-44fb-894c-1e88b8f6da35.zip [omitted]
[info] ✔  functions: functions folder uploaded successfully 
[info] i  functions: updating Node.js 20 (1st Gen) function deleteOldTokens(us-central1)... 
[info] i  functions: updating Node.js 20 (1st Gen) function handleFriendRequest(us-central1)... 
[info] i  functions: updating Node.js 20 (1st Gen) function handleGitHubRedirect(us-central1)... 
[info] i  functions: updating Node.js 20 (1st Gen) function removeFriend(us-central1)... 
[info] i  functions: updating Node.js 20 (1st Gen) function searchUsers(us-central1)... 
[info] i  functions: updating Node.js 20 (1st Gen) function sendFriendRequest(us-central1)... 
[debug] [2024-03-12T20:39:23.874Z] >>> [apiv2][query] PATCH https://cloudfunctions.googleapis.com/v1/projects/codagotchi/locations/us-central1/functions/deleteOldTokens updateMask=name%2CsourceUploadUrl%2CentryPoint%2Cruntime%2CdockerRegistry%2Clabels%2CeventTrigger.eventType%2CeventTrigger.resource%2CminInstances%2CmaxInstances%2CingressSettings%2CenvironmentVariables%2CserviceAccountEmail%2CavailableMemoryMb%2Ctimeout%2CvpcConnector%2CvpcConnectorEgressSettings%2CsourceToken%2CbuildEnvironmentVariables
[debug] [2024-03-12T20:39:23.875Z] >>> [apiv2][body] PATCH https://cloudfunctions.googleapis.com/v1/projects/codagotchi/locations/us-central1/functions/deleteOldTokens {"name":"projects/codagotchi/locations/us-central1/functions/deleteOldTokens","sourceUploadUrl":"https://storage.googleapis.com/uploads-747597282617.us-central1.cloudfunctions.appspot.com/56a62d76-e0e9-44fb-894c-1e88b8f6da35.zip?GoogleAccessId=service-906441550178@gcf-admin-robot.iam.gserviceaccount.com&Expires=1710277763&Signature=Wz%2BXEVBqTb8jPWwBwLbecbvSJpgLE%2BlUSLTcvDCcE%2BwUEH2ry0qoEHbuCJX%2BrNF%2BUPH%2BFZLPUdNCxeHI%2B09K1vGbgxIUrjuUIavE2AeP0821AVZ8vYparYoF6iu3o%2F8ZwsHSxCPIaARWv8%2FyvaRDGlXipruKg0aEDIBfygKS3JhY0b%2BqYXdRxu8R%2BeqEhjb1A%2Bw081a5tsFahmYQ4xw5kFE9k1sjprnG%2F28G3Th9%2B%2FXJOoyn7PnwJNUcX4qAWzocQRWr49TJhRRvAQ5%2FKtV1JwZifjR%2BSWiuSczhPGFjfEn80F32pr3lmx8KZ9ith45dy5JNk1S8mK2yI48NTANEZA%3D%3D","entryPoint":"deleteOldTokens","runtime":"nodejs20","dockerRegistry":"ARTIFACT_REGISTRY","labels":{"deployment-tool":"cli-firebase","deployment-scheduled":"true","firebase-functions-hash":"0bdc01c4a1b71d2f4bd29c62b24a479654975c4e"},"eventTrigger":{"eventType":"google.pubsub.topic.publish","resource":"projects/codagotchi/topics/firebase-schedule-deleteOldTokens-us-central1"},"minInstances":null,"maxInstances":null,"ingressSettings":null,"environmentVariables":{"FIREBASE_CONFIG":"{\"projectId\":\"codagotchi\",\"databaseURL\":\"https://codagotchi-default-rtdb.firebaseio.com\",\"storageBucket\":\"codagotchi.appspot.com\"}","GCLOUD_PROJECT":"codagotchi","EVENTARC_CLOUD_EVENT_SOURCE":"projects/codagotchi/locations/us-central1/functions/deleteOldTokens"},"serviceAccountEmail":null,"availableMemoryMb":null,"timeout":null,"vpcConnector":null,"vpcConnectorEgressSettings":null,"buildEnvironmentVariables":{"GOOGLE_NODE_RUN_SCRIPTS":""}}
[debug] [2024-03-12T20:39:24.463Z] <<< [apiv2][status] PATCH https://cloudfunctions.googleapis.com/v1/projects/codagotchi/locations/us-central1/functions/deleteOldTokens 200
[debug] [2024-03-12T20:39:24.464Z] <<< [apiv2][body] PATCH https://cloudfunctions.googleapis.com/v1/projects/codagotchi/locations/us-central1/functions/deleteOldTokens {"name":"operations/Y29kYWdvdGNoaS91cy1jZW50cmFsMS9kZWxldGVPbGRUb2tlbnMvc0xUVF9EMk1SUk0","metadata":{"@type":"type.googleapis.com/google.cloud.functions.v1.OperationMetadataV1","target":"projects/codagotchi/locations/us-central1/functions/deleteOldTokens","type":"UPDATE_FUNCTION","request":{"@type":"type.googleapis.com/google.cloud.functions.v1.CloudFunction","name":"projects/codagotchi/locations/us-central1/functions/deleteOldTokens","eventTrigger":{"eventType":"google.pubsub.topic.publish","resource":"projects/codagotchi/topics/firebase-schedule-deleteOldTokens-us-central1","service":"pubsub.googleapis.com","failurePolicy":{}},"status":"ACTIVE","entryPoint":"deleteOldTokens","updateTime":"2024-02-17T22:24:41.680Z","versionId":"16","labels":{"deployment-tool":"cli-firebase","deployment-scheduled":"true","firebase-functions-hash":"0bdc01c4a1b71d2f4bd29c62b24a479654975c4e"},"sourceUploadUrl":"https://storage.googleapis.com/uploads-747597282617.us-central1.cloudfunctions.appspot.com/56a62d76-e0e9-44fb-894c-1e88b8f6da35.zip?GoogleAccessId=service-906441550178@gcf-admin-robot.iam.gserviceaccount.com&Expires=1710277763&Signature=Wz%2BXEVBqTb8jPWwBwLbecbvSJpgLE%2BlUSLTcvDCcE%2BwUEH2ry0qoEHbuCJX%2BrNF%2BUPH%2BFZLPUdNCxeHI%2B09K1vGbgxIUrjuUIavE2AeP0821AVZ8vYparYoF6iu3o%2F8ZwsHSxCPIaARWv8%2FyvaRDGlXipruKg0aEDIBfygKS3JhY0b%2BqYXdRxu8R%2BeqEhjb1A%2Bw081a5tsFahmYQ4xw5kFE9k1sjprnG%2F28G3Th9%2B%2FXJOoyn7PnwJNUcX4qAWzocQRWr49TJhRRvAQ5%2FKtV1JwZifjR%2BSWiuSczhPGFjfEn80F32pr3lmx8KZ9ith45dy5JNk1S8mK2yI48NTANEZA%3D%3D","environmentVariables":{"FIREBASE_CONFIG":"{\"projectId\":\"codagotchi\",\"databaseURL\":\"https://codagotchi-default-rtdb.firebaseio.com\",\"storageBucket\":\"codagotchi.appspot.com\"}","GCLOUD_PROJECT":"codagotchi","EVENTARC_CLOUD_EVENT_SOURCE":"projects/codagotchi/locations/us-central1/functions/deleteOldTokens"},"runtime":"nodejs20","buildId":"b5f343e2-f9c6-4197-9167-15b684b2bb1b","buildEnvironmentVariables":{"GOOGLE_NODE_RUN_SCRIPTS":""},"buildName":"projects/906441550178/locations/us-central1/builds/b5f343e2-f9c6-4197-9167-15b684b2bb1b","dockerRegistry":"ARTIFACT_REGISTRY","automaticUpdatePolicy":{}},"versionId":"17","updateTime":"2024-03-12T20:39:24Z"}}
[debug] [2024-03-12T20:39:24.465Z] >>> [apiv2][query] GET https://cloudfunctions.googleapis.com/v1/operations/Y29kYWdvdGNoaS91cy1jZW50cmFsMS9kZWxldGVPbGRUb2tlbnMvc0xUVF9EMk1SUk0 [none]
[debug] [2024-03-12T20:39:24.600Z] <<< [apiv2][status] GET https://cloudfunctions.googleapis.com/v1/operations/Y29kYWdvdGNoaS91cy1jZW50cmFsMS9kZWxldGVPbGRUb2tlbnMvc0xUVF9EMk1SUk0 200
[debug] [2024-03-12T20:39:24.600Z] <<< [apiv2][body] GET https://cloudfunctions.googleapis.com/v1/operations/Y29kYWdvdGNoaS91cy1jZW50cmFsMS9kZWxldGVPbGRUb2tlbnMvc0xUVF9EMk1SUk0 {"name":"operations/Y29kYWdvdGNoaS91cy1jZW50cmFsMS9kZWxldGVPbGRUb2tlbnMvc0xUVF9EMk1SUk0","metadata":{"@type":"type.googleapis.com/google.cloud.functions.v1.OperationMetadataV1","target":"projects/codagotchi/locations/us-central1/functions/deleteOldTokens","type":"UPDATE_FUNCTION","request":{"@type":"type.googleapis.com/google.cloud.functions.v1.CloudFunction","name":"projects/codagotchi/locations/us-central1/functions/deleteOldTokens","eventTrigger":{"eventType":"google.pubsub.topic.publish","resource":"projects/codagotchi/topics/firebase-schedule-deleteOldTokens-us-central1","service":"pubsub.googleapis.com","failurePolicy":{}},"status":"ACTIVE","entryPoint":"deleteOldTokens","updateTime":"2024-02-17T22:24:41.680Z","versionId":"16","labels":{"deployment-tool":"cli-firebase","deployment-scheduled":"true","firebase-functions-hash":"0bdc01c4a1b71d2f4bd29c62b24a479654975c4e"},"sourceUploadUrl":"https://storage.googleapis.com/uploads-747597282617.us-central1.cloudfunctions.appspot.com/56a62d76-e0e9-44fb-894c-1e88b8f6da35.zip?GoogleAccessId=service-906441550178@gcf-admin-robot.iam.gserviceaccount.com&Expires=1710277763&Signature=Wz%2BXEVBqTb8jPWwBwLbecbvSJpgLE%2BlUSLTcvDCcE%2BwUEH2ry0qoEHbuCJX%2BrNF%2BUPH%2BFZLPUdNCxeHI%2B09K1vGbgxIUrjuUIavE2AeP0821AVZ8vYparYoF6iu3o%2F8ZwsHSxCPIaARWv8%2FyvaRDGlXipruKg0aEDIBfygKS3JhY0b%2BqYXdRxu8R%2BeqEhjb1A%2Bw081a5tsFahmYQ4xw5kFE9k1sjprnG%2F28G3Th9%2B%2FXJOoyn7PnwJNUcX4qAWzocQRWr49TJhRRvAQ5%2FKtV1JwZifjR%2BSWiuSczhPGFjfEn80F32pr3lmx8KZ9ith45dy5JNk1S8mK2yI48NTANEZA%3D%3D","environmentVariables":{"FIREBASE_CONFIG":"{\"projectId\":\"codagotchi\",\"databaseURL\":\"https://codagotchi-default-rtdb.firebaseio.com\",\"storageBucket\":\"codagotchi.appspot.com\"}","GCLOUD_PROJECT":"codagotchi","EVENTARC_CLOUD_EVENT_SOURCE":"projects/codagotchi/locations/us-central1/functions/deleteOldTokens"},"runtime":"nodejs20","buildId":"b5f343e2-f9c6-4197-9167-15b684b2bb1b","buildEnvironmentVariables":{"GOOGLE_NODE_RUN_SCRIPTS":""},"buildName":"projects/906441550178/locations/us-central1/builds/b5f343e2-f9c6-4197-9167-15b684b2bb1b","dockerRegistry":"ARTIFACT_REGISTRY","automaticUpdatePolicy":{}},"versionId":"17","updateTime":"2024-03-12T20:39:24Z"}}
[debug] [2024-03-12T20:39:25.102Z] [update-default-us-central1-deleteOldTokens] Retrying task index 0
[debug] [2024-03-12T20:39:25.102Z] >>> [apiv2][query] GET https://cloudfunctions.googleapis.com/v1/operations/Y29kYWdvdGNoaS91cy1jZW50cmFsMS9kZWxldGVPbGRUb2tlbnMvc0xUVF9EMk1SUk0 [none]
[debug] [2024-03-12T20:39:25.216Z] <<< [apiv2][status] GET https://cloudfunctions.googleapis.com/v1/operations/Y29kYWdvdGNoaS91cy1jZW50cmFsMS9kZWxldGVPbGRUb2tlbnMvc0xUVF9EMk1SUk0 200
[debug] [2024-03-12T20:39:25.216Z] <<< [apiv2][body] GET https://cloudfunctions.googleapis.com/v1/operations/Y29kYWdvdGNoaS91cy1jZW50cmFsMS9kZWxldGVPbGRUb2tlbnMvc0xUVF9EMk1SUk0 {"name":"operations/Y29kYWdvdGNoaS91cy1jZW50cmFsMS9kZWxldGVPbGRUb2tlbnMvc0xUVF9EMk1SUk0","metadata":{"@type":"type.googleapis.com/google.cloud.functions.v1.OperationMetadataV1","target":"projects/codagotchi/locations/us-central1/functions/deleteOldTokens","type":"UPDATE_FUNCTION","request":{"@type":"type.googleapis.com/google.cloud.functions.v1.CloudFunction","name":"projects/codagotchi/locations/us-central1/functions/deleteOldTokens","eventTrigger":{"eventType":"google.pubsub.topic.publish","resource":"projects/codagotchi/topics/firebase-schedule-deleteOldTokens-us-central1","service":"pubsub.googleapis.com","failurePolicy":{}},"status":"ACTIVE","entryPoint":"deleteOldTokens","updateTime":"2024-02-17T22:24:41.680Z","versionId":"16","labels":{"deployment-tool":"cli-firebase","deployment-scheduled":"true","firebase-functions-hash":"0bdc01c4a1b71d2f4bd29c62b24a479654975c4e"},"sourceUploadUrl":"https://storage.googleapis.com/uploads-747597282617.us-central1.cloudfunctions.appspot.com/56a62d76-e0e9-44fb-894c-1e88b8f6da35.zip?GoogleAccessId=service-906441550178@gcf-admin-robot.iam.gserviceaccount.com&Expires=1710277763&Signature=Wz%2BXEVBqTb8jPWwBwLbecbvSJpgLE%2BlUSLTcvDCcE%2BwUEH2ry0qoEHbuCJX%2BrNF%2BUPH%2BFZLPUdNCxeHI%2B09K1vGbgxIUrjuUIavE2AeP0821AVZ8vYparYoF6iu3o%2F8ZwsHSxCPIaARWv8%2FyvaRDGlXipruKg0aEDIBfygKS3JhY0b%2BqYXdRxu8R%2BeqEhjb1A%2Bw081a5tsFahmYQ4xw5kFE9k1sjprnG%2F28G3Th9%2B%2FXJOoyn7PnwJNUcX4qAWzocQRWr49TJhRRvAQ5%2FKtV1JwZifjR%2BSWiuSczhPGFjfEn80F32pr3lmx8KZ9ith45dy5JNk1S8mK2yI48NTANEZA%3D%3D","environmentVariables":{"FIREBASE_CONFIG":"{\"projectId\":\"codagotchi\",\"databaseURL\":\"https://codagotchi-default-rtdb.firebaseio.com\",\"storageBucket\":\"codagotchi.appspot.com\"}","GCLOUD_PROJECT":"codagotchi","EVENTARC_CLOUD_EVENT_SOURCE":"projects/codagotchi/locations/us-central1/functions/deleteOldTokens"},"runtime":"nodejs20","buildId":"b5f343e2-f9c6-4197-9167-15b684b2bb1b","buildEnvironmentVariables":{"GOOGLE_NODE_RUN_SCRIPTS":""},"buildName":"projects/906441550178/locations/us-central1/builds/b5f343e2-f9c6-4197-9167-15b684b2bb1b","dockerRegistry":"ARTIFACT_REGISTRY","automaticUpdatePolicy":{}},"versionId":"17","updateTime":"2024-03-12T20:39:24Z"}}
[debug] [2024-03-12T20:39:26.218Z] [update-default-us-central1-deleteOldTokens] Retrying task index 0
[debug] [2024-03-12T20:39:26.219Z] >>> [apiv2][query] GET https://cloudfunctions.googleapis.com/v1/operations/Y29kYWdvdGNoaS91cy1jZW50cmFsMS9kZWxldGVPbGRUb2tlbnMvc0xUVF9EMk1SUk0 [none]
[debug] [2024-03-12T20:39:26.346Z] <<< [apiv2][status] GET https://cloudfunctions.googleapis.com/v1/operations/Y29kYWdvdGNoaS91cy1jZW50cmFsMS9kZWxldGVPbGRUb2tlbnMvc0xUVF9EMk1SUk0 200
[debug] [2024-03-12T20:39:26.346Z] <<< [apiv2][body] GET https://cloudfunctions.googleapis.com/v1/operations/Y29kYWdvdGNoaS91cy1jZW50cmFsMS9kZWxldGVPbGRUb2tlbnMvc0xUVF9EMk1SUk0 {"name":"operations/Y29kYWdvdGNoaS91cy1jZW50cmFsMS9kZWxldGVPbGRUb2tlbnMvc0xUVF9EMk1SUk0","metadata":{"@type":"type.googleapis.com/google.cloud.functions.v1.OperationMetadataV1","target":"projects/codagotchi/locations/us-central1/functions/deleteOldTokens","type":"UPDATE_FUNCTION","request":{"@type":"type.googleapis.com/google.cloud.functions.v1.CloudFunction","name":"projects/codagotchi/locations/us-central1/functions/deleteOldTokens","eventTrigger":{"eventType":"google.pubsub.topic.publish","resource":"projects/codagotchi/topics/firebase-schedule-deleteOldTokens-us-central1","service":"pubsub.googleapis.com","failurePolicy":{}},"status":"ACTIVE","entryPoint":"deleteOldTokens","updateTime":"2024-02-17T22:24:41.680Z","versionId":"16","labels":{"deployment-tool":"cli-firebase","deployment-scheduled":"true","firebase-functions-hash":"0bdc01c4a1b71d2f4bd29c62b24a479654975c4e"},"sourceUploadUrl":"https://storage.googleapis.com/uploads-747597282617.us-central1.cloudfunctions.appspot.com/56a62d76-e0e9-44fb-894c-1e88b8f6da35.zip?GoogleAccessId=service-906441550178@gcf-admin-robot.iam.gserviceaccount.com&Expires=1710277763&Signature=Wz%2BXEVBqTb8jPWwBwLbecbvSJpgLE%2BlUSLTcvDCcE%2BwUEH2ry0qoEHbuCJX%2BrNF%2BUPH%2BFZLPUdNCxeHI%2B09K1vGbgxIUrjuUIavE2AeP0821AVZ8vYparYoF6iu3o%2F8ZwsHSxCPIaARWv8%2FyvaRDGlXipruKg0aEDIBfygKS3JhY0b%2BqYXdRxu8R%2BeqEhjb1A%2Bw081a5tsFahmYQ4xw5kFE9k1sjprnG%2F28G3Th9%2B%2FXJOoyn7PnwJNUcX4qAWzocQRWr49TJhRRvAQ5%2FKtV1JwZifjR%2BSWiuSczhPGFjfEn80F32pr3lmx8KZ9ith45dy5JNk1S8mK2yI48NTANEZA%3D%3D","environmentVariables":{"FIREBASE_CONFIG":"{\"projectId\":\"codagotchi\",\"databaseURL\":\"https://codagotchi-default-rtdb.firebaseio.com\",\"storageBucket\":\"codagotchi.appspot.com\"}","GCLOUD_PROJECT":"codagotchi","EVENTARC_CLOUD_EVENT_SOURCE":"projects/codagotchi/locations/us-central1/functions/deleteOldTokens"},"runtime":"nodejs20","buildId":"b5f343e2-f9c6-4197-9167-15b684b2bb1b","buildEnvironmentVariables":{"GOOGLE_NODE_RUN_SCRIPTS":""},"buildName":"projects/906441550178/locations/us-central1/builds/b5f343e2-f9c6-4197-9167-15b684b2bb1b","dockerRegistry":"ARTIFACT_REGISTRY","automaticUpdatePolicy":{}},"versionId":"17","updateTime":"2024-03-12T20:39:24Z","buildId":"12f2197e-e752-4256-94f6-2e22e750df7f","buildName":"projects/906441550178/locations/us-central1/builds/12f2197e-e752-4256-94f6-2e22e750df7f"}}
[debug] [2024-03-12T20:39:28.347Z] [update-default-us-central1-deleteOldTokens] Retrying task index 0
[debug] [2024-03-12T20:39:28.348Z] >>> [apiv2][query] GET https://cloudfunctions.googleapis.com/v1/operations/Y29kYWdvdGNoaS91cy1jZW50cmFsMS9kZWxldGVPbGRUb2tlbnMvc0xUVF9EMk1SUk0 [none]
[debug] [2024-03-12T20:39:28.474Z] <<< [apiv2][status] GET https://cloudfunctions.googleapis.com/v1/operations/Y29kYWdvdGNoaS91cy1jZW50cmFsMS9kZWxldGVPbGRUb2tlbnMvc0xUVF9EMk1SUk0 200
[debug] [2024-03-12T20:39:28.474Z] <<< [apiv2][body] GET https://cloudfunctions.googleapis.com/v1/operations/Y29kYWdvdGNoaS91cy1jZW50cmFsMS9kZWxldGVPbGRUb2tlbnMvc0xUVF9EMk1SUk0 {"name":"operations/Y29kYWdvdGNoaS91cy1jZW50cmFsMS9kZWxldGVPbGRUb2tlbnMvc0xUVF9EMk1SUk0","metadata":{"@type":"type.googleapis.com/google.cloud.functions.v1.OperationMetadataV1","target":"projects/codagotchi/locations/us-central1/functions/deleteOldTokens","type":"UPDATE_FUNCTION","request":{"@type":"type.googleapis.com/google.cloud.functions.v1.CloudFunction","name":"projects/codagotchi/locations/us-central1/functions/deleteOldTokens","eventTrigger":{"eventType":"google.pubsub.topic.publish","resource":"projects/codagotchi/topics/firebase-schedule-deleteOldTokens-us-central1","service":"pubsub.googleapis.com","failurePolicy":{}},"status":"ACTIVE","entryPoint":"deleteOldTokens","updateTime":"2024-02-17T22:24:41.680Z","versionId":"16","labels":{"deployment-tool":"cli-firebase","deployment-scheduled":"true","firebase-functions-hash":"0bdc01c4a1b71d2f4bd29c62b24a479654975c4e"},"sourceUploadUrl":"https://storage.googleapis.com/uploads-747597282617.us-central1.cloudfunctions.appspot.com/56a62d76-e0e9-44fb-894c-1e88b8f6da35.zip?GoogleAccessId=service-906441550178@gcf-admin-robot.iam.gserviceaccount.com&Expires=1710277763&Signature=Wz%2BXEVBqTb8jPWwBwLbecbvSJpgLE%2BlUSLTcvDCcE%2BwUEH2ry0qoEHbuCJX%2BrNF%2BUPH%2BFZLPUdNCxeHI%2B09K1vGbgxIUrjuUIavE2AeP0821AVZ8vYparYoF6iu3o%2F8ZwsHSxCPIaARWv8%2FyvaRDGlXipruKg0aEDIBfygKS3JhY0b%2BqYXdRxu8R%2BeqEhjb1A%2Bw081a5tsFahmYQ4xw5kFE9k1sjprnG%2F28G3Th9%2B%2FXJOoyn7PnwJNUcX4qAWzocQRWr49TJhRRvAQ5%2FKtV1JwZifjR%2BSWiuSczhPGFjfEn80F32pr3lmx8KZ9ith45dy5JNk1S8mK2yI48NTANEZA%3D%3D","environmentVariables":{"FIREBASE_CONFIG":"{\"projectId\":\"codagotchi\",\"databaseURL\":\"https://codagotchi-default-rtdb.firebaseio.com\",\"storageBucket\":\"codagotchi.appspot.com\"}","GCLOUD_PROJECT":"codagotchi","EVENTARC_CLOUD_EVENT_SOURCE":"projects/codagotchi/locations/us-central1/functions/deleteOldTokens"},"runtime":"nodejs20","buildId":"b5f343e2-f9c6-4197-9167-15b684b2bb1b","buildEnvironmentVariables":{"GOOGLE_NODE_RUN_SCRIPTS":""},"buildName":"projects/906441550178/locations/us-central1/builds/b5f343e2-f9c6-4197-9167-15b684b2bb1b","dockerRegistry":"ARTIFACT_REGISTRY","automaticUpdatePolicy":{}},"versionId":"17","updateTime":"2024-03-12T20:39:24Z","buildId":"12f2197e-e752-4256-94f6-2e22e750df7f","buildName":"projects/906441550178/locations/us-central1/builds/12f2197e-e752-4256-94f6-2e22e750df7f"}}
[debug] [2024-03-12T20:39:32.476Z] [update-default-us-central1-deleteOldTokens] Retrying task index 0
[debug] [2024-03-12T20:39:32.477Z] >>> [apiv2][query] GET https://cloudfunctions.googleapis.com/v1/operations/Y29kYWdvdGNoaS91cy1jZW50cmFsMS9kZWxldGVPbGRUb2tlbnMvc0xUVF9EMk1SUk0 [none]
[debug] [2024-03-12T20:39:32.788Z] <<< [apiv2][status] GET https://cloudfunctions.googleapis.com/v1/operations/Y29kYWdvdGNoaS91cy1jZW50cmFsMS9kZWxldGVPbGRUb2tlbnMvc0xUVF9EMk1SUk0 200
[debug] [2024-03-12T20:39:32.788Z] <<< [apiv2][body] GET https://cloudfunctions.googleapis.com/v1/operations/Y29kYWdvdGNoaS91cy1jZW50cmFsMS9kZWxldGVPbGRUb2tlbnMvc0xUVF9EMk1SUk0 {"name":"operations/Y29kYWdvdGNoaS91cy1jZW50cmFsMS9kZWxldGVPbGRUb2tlbnMvc0xUVF9EMk1SUk0","metadata":{"@type":"type.googleapis.com/google.cloud.functions.v1.OperationMetadataV1","target":"projects/codagotchi/locations/us-central1/functions/deleteOldTokens","type":"UPDATE_FUNCTION","request":{"@type":"type.googleapis.com/google.cloud.functions.v1.CloudFunction","name":"projects/codagotchi/locations/us-central1/functions/deleteOldTokens","eventTrigger":{"eventType":"google.pubsub.topic.publish","resource":"projects/codagotchi/topics/firebase-schedule-deleteOldTokens-us-central1","service":"pubsub.googleapis.com","failurePolicy":{}},"status":"ACTIVE","entryPoint":"deleteOldTokens","updateTime":"2024-02-17T22:24:41.680Z","versionId":"16","labels":{"deployment-tool":"cli-firebase","deployment-scheduled":"true","firebase-functions-hash":"0bdc01c4a1b71d2f4bd29c62b24a479654975c4e"},"sourceUploadUrl":"https://storage.googleapis.com/uploads-747597282617.us-central1.cloudfunctions.appspot.com/56a62d76-e0e9-44fb-894c-1e88b8f6da35.zip?GoogleAccessId=service-906441550178@gcf-admin-robot.iam.gserviceaccount.com&Expires=1710277763&Signature=Wz%2BXEVBqTb8jPWwBwLbecbvSJpgLE%2BlUSLTcvDCcE%2BwUEH2ry0qoEHbuCJX%2BrNF%2BUPH%2BFZLPUdNCxeHI%2B09K1vGbgxIUrjuUIavE2AeP0821AVZ8vYparYoF6iu3o%2F8ZwsHSxCPIaARWv8%2FyvaRDGlXipruKg0aEDIBfygKS3JhY0b%2BqYXdRxu8R%2BeqEhjb1A%2Bw081a5tsFahmYQ4xw5kFE9k1sjprnG%2F28G3Th9%2B%2FXJOoyn7PnwJNUcX4qAWzocQRWr49TJhRRvAQ5%2FKtV1JwZifjR%2BSWiuSczhPGFjfEn80F32pr3lmx8KZ9ith45dy5JNk1S8mK2yI48NTANEZA%3D%3D","environmentVariables":{"FIREBASE_CONFIG":"{\"projectId\":\"codagotchi\",\"databaseURL\":\"https://codagotchi-default-rtdb.firebaseio.com\",\"storageBucket\":\"codagotchi.appspot.com\"}","GCLOUD_PROJECT":"codagotchi","EVENTARC_CLOUD_EVENT_SOURCE":"projects/codagotchi/locations/us-central1/functions/deleteOldTokens"},"runtime":"nodejs20","buildId":"b5f343e2-f9c6-4197-9167-15b684b2bb1b","buildEnvironmentVariables":{"GOOGLE_NODE_RUN_SCRIPTS":""},"buildName":"projects/906441550178/locations/us-central1/builds/b5f343e2-f9c6-4197-9167-15b684b2bb1b","dockerRegistry":"ARTIFACT_REGISTRY","automaticUpdatePolicy":{}},"versionId":"17","updateTime":"2024-03-12T20:39:24Z","buildId":"12f2197e-e752-4256-94f6-2e22e750df7f","buildName":"projects/906441550178/locations/us-central1/builds/12f2197e-e752-4256-94f6-2e22e750df7f"}}
[debug] [2024-03-12T20:39:40.789Z] [update-default-us-central1-deleteOldTokens] Retrying task index 0
[debug] [2024-03-12T20:39:40.790Z] >>> [apiv2][query] GET https://cloudfunctions.googleapis.com/v1/operations/Y29kYWdvdGNoaS91cy1jZW50cmFsMS9kZWxldGVPbGRUb2tlbnMvc0xUVF9EMk1SUk0 [none]
[debug] [2024-03-12T20:39:40.957Z] <<< [apiv2][status] GET https://cloudfunctions.googleapis.com/v1/operations/Y29kYWdvdGNoaS91cy1jZW50cmFsMS9kZWxldGVPbGRUb2tlbnMvc0xUVF9EMk1SUk0 200
[debug] [2024-03-12T20:39:40.957Z] <<< [apiv2][body] GET https://cloudfunctions.googleapis.com/v1/operations/Y29kYWdvdGNoaS91cy1jZW50cmFsMS9kZWxldGVPbGRUb2tlbnMvc0xUVF9EMk1SUk0 {"name":"operations/Y29kYWdvdGNoaS91cy1jZW50cmFsMS9kZWxldGVPbGRUb2tlbnMvc0xUVF9EMk1SUk0","metadata":{"@type":"type.googleapis.com/google.cloud.functions.v1.OperationMetadataV1","target":"projects/codagotchi/locations/us-central1/functions/deleteOldTokens","type":"UPDATE_FUNCTION","request":{"@type":"type.googleapis.com/google.cloud.functions.v1.CloudFunction","name":"projects/codagotchi/locations/us-central1/functions/deleteOldTokens","eventTrigger":{"eventType":"google.pubsub.topic.publish","resource":"projects/codagotchi/topics/firebase-schedule-deleteOldTokens-us-central1","service":"pubsub.googleapis.com","failurePolicy":{}},"status":"ACTIVE","entryPoint":"deleteOldTokens","updateTime":"2024-02-17T22:24:41.680Z","versionId":"16","labels":{"deployment-tool":"cli-firebase","deployment-scheduled":"true","firebase-functions-hash":"0bdc01c4a1b71d2f4bd29c62b24a479654975c4e"},"sourceUploadUrl":"https://storage.googleapis.com/uploads-747597282617.us-central1.cloudfunctions.appspot.com/56a62d76-e0e9-44fb-894c-1e88b8f6da35.zip?GoogleAccessId=service-906441550178@gcf-admin-robot.iam.gserviceaccount.com&Expires=1710277763&Signature=Wz%2BXEVBqTb8jPWwBwLbecbvSJpgLE%2BlUSLTcvDCcE%2BwUEH2ry0qoEHbuCJX%2BrNF%2BUPH%2BFZLPUdNCxeHI%2B09K1vGbgxIUrjuUIavE2AeP0821AVZ8vYparYoF6iu3o%2F8ZwsHSxCPIaARWv8%2FyvaRDGlXipruKg0aEDIBfygKS3JhY0b%2BqYXdRxu8R%2BeqEhjb1A%2Bw081a5tsFahmYQ4xw5kFE9k1sjprnG%2F28G3Th9%2B%2FXJOoyn7PnwJNUcX4qAWzocQRWr49TJhRRvAQ5%2FKtV1JwZifjR%2BSWiuSczhPGFjfEn80F32pr3lmx8KZ9ith45dy5JNk1S8mK2yI48NTANEZA%3D%3D","environmentVariables":{"FIREBASE_CONFIG":"{\"projectId\":\"codagotchi\",\"databaseURL\":\"https://codagotchi-default-rtdb.firebaseio.com\",\"storageBucket\":\"codagotchi.appspot.com\"}","GCLOUD_PROJECT":"codagotchi","EVENTARC_CLOUD_EVENT_SOURCE":"projects/codagotchi/locations/us-central1/functions/deleteOldTokens"},"runtime":"nodejs20","buildId":"b5f343e2-f9c6-4197-9167-15b684b2bb1b","buildEnvironmentVariables":{"GOOGLE_NODE_RUN_SCRIPTS":""},"buildName":"projects/906441550178/locations/us-central1/builds/b5f343e2-f9c6-4197-9167-15b684b2bb1b","dockerRegistry":"ARTIFACT_REGISTRY","automaticUpdatePolicy":{}},"versionId":"17","updateTime":"2024-03-12T20:39:24Z","buildId":"12f2197e-e752-4256-94f6-2e22e750df7f","buildName":"projects/906441550178/locations/us-central1/builds/12f2197e-e752-4256-94f6-2e22e750df7f"}}
[debug] [2024-03-12T20:39:55.624Z] ----------------------------------------------------------------------
[debug] [2024-03-12T20:39:55.626Z] Command:       /opt/homebrew/Cellar/node/21.6.1/bin/node /opt/homebrew/bin/firebase deploy
[debug] [2024-03-12T20:39:55.626Z] CLI Version:   13.1.0
[debug] [2024-03-12T20:39:55.626Z] Platform:      darwin
[debug] [2024-03-12T20:39:55.626Z] Node Version:  v21.6.1
[debug] [2024-03-12T20:39:55.627Z] Time:          Tue Mar 12 2024 16:39:55 GMT-0400 (Eastern Daylight Time)
[debug] [2024-03-12T20:39:55.627Z] ----------------------------------------------------------------------
[debug] 
[debug] [2024-03-12T20:39:55.655Z] > command requires scopes: ["email","openid","https://www.googleapis.com/auth/cloudplatformprojects.readonly","https://www.googleapis.com/auth/firebase","https://www.googleapis.com/auth/cloud-platform"]
[debug] [2024-03-12T20:39:55.655Z] > authorizing via signed-in user (alimneedstowork@gmail.com)
[debug] [2024-03-12T20:39:55.655Z] [iam] checking project codagotchi for permissions ["cloudfunctions.functions.create","cloudfunctions.functions.delete","cloudfunctions.functions.get","cloudfunctions.functions.list","cloudfunctions.functions.update","cloudfunctions.operations.get","firebase.projects.get"]
[debug] [2024-03-12T20:39:55.656Z] >>> [apiv2][query] POST https://cloudresourcemanager.googleapis.com/v1/projects/codagotchi:testIamPermissions [none]
[debug] [2024-03-12T20:39:55.656Z] >>> [apiv2][(partial)header] POST https://cloudresourcemanager.googleapis.com/v1/projects/codagotchi:testIamPermissions x-goog-quota-user=projects/codagotchi
[debug] [2024-03-12T20:39:55.656Z] >>> [apiv2][body] POST https://cloudresourcemanager.googleapis.com/v1/projects/codagotchi:testIamPermissions {"permissions":["cloudfunctions.functions.create","cloudfunctions.functions.delete","cloudfunctions.functions.get","cloudfunctions.functions.list","cloudfunctions.functions.update","cloudfunctions.operations.get","firebase.projects.get"]}
[debug] [2024-03-12T20:39:55.935Z] <<< [apiv2][status] POST https://cloudresourcemanager.googleapis.com/v1/projects/codagotchi:testIamPermissions 200
[debug] [2024-03-12T20:39:55.935Z] <<< [apiv2][body] POST https://cloudresourcemanager.googleapis.com/v1/projects/codagotchi:testIamPermissions {"permissions":["cloudfunctions.functions.create","cloudfunctions.functions.delete","cloudfunctions.functions.get","cloudfunctions.functions.list","cloudfunctions.functions.update","cloudfunctions.operations.get","firebase.projects.get"]}
[debug] [2024-03-12T20:39:55.935Z] >>> [apiv2][query] POST https://iam.googleapis.com/v1/projects/codagotchi/serviceAccounts/codagotchi@appspot.gserviceaccount.com:testIamPermissions [none]
[debug] [2024-03-12T20:39:55.935Z] >>> [apiv2][body] POST https://iam.googleapis.com/v1/projects/codagotchi/serviceAccounts/codagotchi@appspot.gserviceaccount.com:testIamPermissions {"permissions":["iam.serviceAccounts.actAs"]}
[debug] [2024-03-12T20:39:56.022Z] <<< [apiv2][status] POST https://iam.googleapis.com/v1/projects/codagotchi/serviceAccounts/codagotchi@appspot.gserviceaccount.com:testIamPermissions 200
[debug] [2024-03-12T20:39:56.022Z] <<< [apiv2][body] POST https://iam.googleapis.com/v1/projects/codagotchi/serviceAccounts/codagotchi@appspot.gserviceaccount.com:testIamPermissions {"permissions":["iam.serviceAccounts.actAs"]}
[info] 
[info] === Deploying to 'codagotchi'...
[info] 
[info] i  deploying functions 
[debug] [2024-03-12T20:39:56.024Z] >>> [apiv2][query] GET https://firebase.googleapis.com/v1beta1/projects/codagotchi [none]
[debug] [2024-03-12T20:39:56.379Z] <<< [apiv2][status] GET https://firebase.googleapis.com/v1beta1/projects/codagotchi 200
[debug] [2024-03-12T20:39:56.379Z] <<< [apiv2][body] GET https://firebase.googleapis.com/v1beta1/projects/codagotchi {"projectId":"codagotchi","projectNumber":"906441550178","displayName":"Codagotchi","name":"projects/codagotchi","resources":{"hostingSite":"codagotchi","realtimeDatabaseInstance":"codagotchi-default-rtdb"},"state":"ACTIVE","etag":"1_74027fe9-819b-4fd9-a987-fb87d7580fba"}
[info] i  functions: preparing codebase default for deployment 
[info] i  functions: ensuring required API cloudfunctions.googleapis.com is enabled... 
[info] i  functions: ensuring required API cloudbuild.googleapis.com is enabled... 
[info] i  artifactregistry: ensuring required API artifactregistry.googleapis.com is enabled... 
[debug] [2024-03-12T20:39:56.380Z] >>> [apiv2][query] GET https://serviceusage.googleapis.com/v1/projects/codagotchi/services/cloudfunctions.googleapis.com [none]
[debug] [2024-03-12T20:39:56.380Z] >>> [apiv2][(partial)header] GET https://serviceusage.googleapis.com/v1/projects/codagotchi/services/cloudfunctions.googleapis.com x-goog-quota-user=projects/codagotchi
[debug] [2024-03-12T20:39:56.381Z] >>> [apiv2][query] GET https://serviceusage.googleapis.com/v1/projects/codagotchi/services/runtimeconfig.googleapis.com [none]
[debug] [2024-03-12T20:39:56.381Z] >>> [apiv2][(partial)header] GET https://serviceusage.googleapis.com/v1/projects/codagotchi/services/runtimeconfig.googleapis.com x-goog-quota-user=projects/codagotchi
[debug] [2024-03-12T20:39:56.382Z] >>> [apiv2][query] GET https://serviceusage.googleapis.com/v1/projects/codagotchi/services/cloudbuild.googleapis.com [none]
[debug] [2024-03-12T20:39:56.382Z] >>> [apiv2][(partial)header] GET https://serviceusage.googleapis.com/v1/projects/codagotchi/services/cloudbuild.googleapis.com x-goog-quota-user=projects/codagotchi
[debug] [2024-03-12T20:39:56.382Z] >>> [apiv2][query] GET https://serviceusage.googleapis.com/v1/projects/codagotchi/services/artifactregistry.googleapis.com [none]
[debug] [2024-03-12T20:39:56.382Z] >>> [apiv2][(partial)header] GET https://serviceusage.googleapis.com/v1/projects/codagotchi/services/artifactregistry.googleapis.com x-goog-quota-user=projects/codagotchi
[debug] [2024-03-12T20:39:56.749Z] <<< [apiv2][status] GET https://serviceusage.googleapis.com/v1/projects/codagotchi/services/runtimeconfig.googleapis.com 200
[debug] [2024-03-12T20:39:56.749Z] <<< [apiv2][body] GET https://serviceusage.googleapis.com/v1/projects/codagotchi/services/runtimeconfig.googleapis.com [omitted]
[debug] [2024-03-12T20:39:56.775Z] <<< [apiv2][status] GET https://serviceusage.googleapis.com/v1/projects/codagotchi/services/cloudfunctions.googleapis.com 200
[debug] [2024-03-12T20:39:56.775Z] <<< [apiv2][body] GET https://serviceusage.googleapis.com/v1/projects/codagotchi/services/cloudfunctions.googleapis.com [omitted]
[info] ✔  functions: required API cloudfunctions.googleapis.com is enabled 
[debug] [2024-03-12T20:39:56.776Z] <<< [apiv2][status] GET https://serviceusage.googleapis.com/v1/projects/codagotchi/services/cloudbuild.googleapis.com 200
[debug] [2024-03-12T20:39:56.776Z] <<< [apiv2][body] GET https://serviceusage.googleapis.com/v1/projects/codagotchi/services/cloudbuild.googleapis.com [omitted]
[info] ✔  functions: required API cloudbuild.googleapis.com is enabled 
[debug] [2024-03-12T20:39:56.783Z] <<< [apiv2][status] GET https://serviceusage.googleapis.com/v1/projects/codagotchi/services/artifactregistry.googleapis.com 200
[debug] [2024-03-12T20:39:56.783Z] <<< [apiv2][body] GET https://serviceusage.googleapis.com/v1/projects/codagotchi/services/artifactregistry.googleapis.com [omitted]
[info] ✔  artifactregistry: required API artifactregistry.googleapis.com is enabled 
[debug] [2024-03-12T20:39:56.783Z] >>> [apiv2][query] GET https://firebase.googleapis.com/v1beta1/projects/codagotchi/adminSdkConfig [none]
[debug] [2024-03-12T20:39:56.969Z] <<< [apiv2][status] GET https://firebase.googleapis.com/v1beta1/projects/codagotchi/adminSdkConfig 200
[debug] [2024-03-12T20:39:56.969Z] <<< [apiv2][body] GET https://firebase.googleapis.com/v1beta1/projects/codagotchi/adminSdkConfig {"projectId":"codagotchi","databaseURL":"https://codagotchi-default-rtdb.firebaseio.com","storageBucket":"codagotchi.appspot.com"}
[debug] [2024-03-12T20:39:56.970Z] >>> [apiv2][query] GET https://runtimeconfig.googleapis.com/v1beta1/projects/codagotchi/configs [none]
[debug] [2024-03-12T20:39:57.187Z] <<< [apiv2][status] GET https://runtimeconfig.googleapis.com/v1beta1/projects/codagotchi/configs 200
[debug] [2024-03-12T20:39:57.187Z] <<< [apiv2][body] GET https://runtimeconfig.googleapis.com/v1beta1/projects/codagotchi/configs {"configs":[{"name":"projects/codagotchi/configs/github"}]}
[debug] [2024-03-12T20:39:57.189Z] >>> [apiv2][query] GET https://runtimeconfig.googleapis.com/v1beta1/projects/codagotchi/configs/github/variables [none]
[debug] [2024-03-12T20:39:57.427Z] <<< [apiv2][status] GET https://runtimeconfig.googleapis.com/v1beta1/projects/codagotchi/configs/github/variables 200
[debug] [2024-03-12T20:39:57.428Z] <<< [apiv2][body] GET https://runtimeconfig.googleapis.com/v1beta1/projects/codagotchi/configs/github/variables {"variables":[{"name":"projects/codagotchi/configs/github/variables/client_secret","updateTime":"2023-10-31T21:55:10.649448089Z"}]}
[debug] [2024-03-12T20:39:57.429Z] >>> [apiv2][query] GET https://runtimeconfig.googleapis.com/v1beta1/projects/codagotchi/configs/github/variables/client_secret [none]
[debug] [2024-03-12T20:39:57.530Z] <<< [apiv2][status] GET https://runtimeconfig.googleapis.com/v1beta1/projects/codagotchi/configs/github/variables/client_secret 200
[debug] [2024-03-12T20:39:57.530Z] <<< [apiv2][body] GET https://runtimeconfig.googleapis.com/v1beta1/projects/codagotchi/configs/github/variables/client_secret {"name":"projects/codagotchi/configs/github/variables/client_secret","updateTime":"2023-10-31T21:55:10.649448089Z","text":"aacf32919ccc5a53a3c2d441f02df98ec0a926de"}
[debug] [2024-03-12T20:39:57.532Z] Validating nodejs source
[warn] ⚠  functions: package.json indicates an outdated version of firebase-functions. Please upgrade using npm install --save firebase-functions@latest in your functions directory. 
[debug] [2024-03-12T20:39:57.818Z] > [functions] package.json contents: {
  "name": "functions",
  "type": "module",
  "description": "Cloud Functions for Firebase",
  "scripts": {
    "serve": "firebase emulators:start --only functions",
    "shell": "firebase functions:shell",
    "start": "npm run shell",
    "deploy": "firebase deploy --only functions",
    "logs": "firebase functions:log"
  },
  "engines": {
    "node": "20"
  },
  "main": "index.js",
  "dependencies": {
    "axios": "^1.6.7",
    "firebase-admin": "^11.8.0",
    "firebase-functions": "^4.7.0"
  },
  "devDependencies": {
    "firebase-functions-test": "^3.1.0"
  },
  "private": true
}
[debug] [2024-03-12T20:39:57.818Z] Building nodejs source
[info] i  functions: Loading and analyzing source code for codebase default to determine what to deploy 
[debug] [2024-03-12T20:39:57.819Z] Could not find functions.yaml. Must use http discovery
[debug] [2024-03-12T20:39:57.822Z] Found firebase-functions binary at '/Users/alim/Documents/GitHub/codagotchi/functions/node_modules/.bin/firebase-functions'
[info] Serving at port 8901

[error] Error [ERR_MODULE_NOT_FOUND]: Cannot find module '/Users/alim/Documents/GitHub/codagotchi/functions/firebaseConfig' imported from /Users/alim/Documents/GitHub/codagotchi/functions/githubAuth.js
Did you mean to import "./firebaseConfig.js"?
    at finalizeResolution (node:internal/modules/esm/resolve:263:11)
    at moduleResolve (node:internal/modules/esm/resolve:908:10)
    at defaultResolve (node:internal/modules/esm/resolve:1131:11)
    at ModuleLoader.defaultResolve (node:internal/modules/esm/loader:390:12)
    at ModuleLoader.resolve (node:internal/modules/esm/loader:359:25)
    at ModuleLoader.getModuleJob (node:internal/modules/esm/loader:234:38)
    at ModuleWrap.<anonymous> (node:internal/modules/esm/module_job:85:39)
    at link (node:internal/modules/esm/module_job:84:36) {
  code: 'ERR_MODULE_NOT_FOUND',
  url: 'file:///Users/alim/Documents/GitHub/codagotchi/functions/firebaseConfig'
}

[debug] [2024-03-12T20:39:57.923Z] Got response code 400; body Failed to generate manifest from function source: Error [ERR_MODULE_NOT_FOUND]: Cannot find module '/Users/alim/Documents/GitHub/codagotchi/functions/firebaseConfig' imported from /Users/alim/Documents/GitHub/codagotchi/functions/githubAuth.js
Did you mean to import "./firebaseConfig.js"?
[error] 
[error] Error: Functions codebase could not be analyzed successfully. It may have a syntax or runtime error
